<?xml version='1.0' encoding='UTF-8'?>
<testsuite errors="0" failures="1" name="tempest-tests-single-thread-testing-workflow-step-1" tests="16" time="2719.691">
<testcase classname="" name="setUpClass (whitebox_neutron_tempest_plugin.tests.scenario.test_internal_dns.InternalDNSInterruptionsAdvancedTestOvn)" time="0.000">
<skipped>run_power_operations_tests config is not enabled, skipping tests</skipped>
</testcase>
<testcase classname="whitebox_neutron_tempest_plugin.tests.scenario.test_internal_dns.InternalDNSInterruptionsTestOvn" name="test_dns_name_after_ovn_controller_restart[id-bf11667e-34f8-4ac4-886b-45e099fdbffa]" time="87.559"/>
<testcase classname="whitebox_neutron_tempest_plugin.tests.scenario.test_mtu.GatewayMtuTestUdp" name="test_south_to_north_pmtud_udp_basic[id-7f7470ff-31b4-4ad8-bfa7-82dcca174744]" time="197.008">
<failure type="testtools.testresult.real._StringException">testtools.testresult.real._StringException: pythonlogging:'': {{{
2024-08-06 04:38:56,470 38 INFO     [tempest.lib.common.ssh] Creating ssh connection to '192.168.32.9:22' as 'zuul' with password None
2024-08-06 04:38:56,490 38 INFO     [paramiko.transport] Connected (version 2.0, client OpenSSH_8.7)
2024-08-06 04:38:56,610 38 INFO     [paramiko.transport] Authentication (publickey) successful!
2024-08-06 04:38:56,611 38 INFO     [tempest.lib.common.ssh] ssh connection to zuul@192.168.32.9 successfully created
2024-08-06 04:38:57,266 38 INFO     [tempest.lib.common.ssh] Creating ssh connection to '192.168.32.9:22' as 'zuul' with password None
2024-08-06 04:38:57,292 38 INFO     [paramiko.transport] Connected (version 2.0, client OpenSSH_8.7)
2024-08-06 04:38:57,410 38 INFO     [paramiko.transport] Authentication (publickey) successful!
2024-08-06 04:38:57,411 38 INFO     [tempest.lib.common.ssh] ssh connection to zuul@192.168.32.9 successfully created
2024-08-06 04:38:57,806 38 INFO     [tempest.lib.common.ssh] Creating ssh connection to '192.168.32.9:22' as 'zuul' with password None
2024-08-06 04:38:57,822 38 INFO     [paramiko.transport] Connected (version 2.0, client OpenSSH_8.7)
2024-08-06 04:38:57,898 38 INFO     [paramiko.transport] Authentication (publickey) successful!
2024-08-06 04:38:57,901 38 INFO     [tempest.lib.common.ssh] ssh connection to zuul@192.168.32.9 successfully created
2024-08-06 04:38:58,557 38 DEBUG    [whitebox_neutron_tempest_plugin.tests.scenario.base] Command = 'oc -n openstack  rsh neutron-7849fc954b-mksts crudini --get /etc/neutron/neutron.conf.d/02-neutron-custom.conf ovn ovn_emit_need_to_frag || true'
2024-08-06 04:38:58,557 38 INFO     [tempest.lib.common.ssh] Creating ssh connection to '192.168.32.9:22' as 'zuul' with password None
2024-08-06 04:38:58,573 38 INFO     [paramiko.transport] Connected (version 2.0, client OpenSSH_8.7)
2024-08-06 04:38:58,649 38 INFO     [paramiko.transport] Authentication (publickey) successful!
2024-08-06 04:38:58,650 38 INFO     [tempest.lib.common.ssh] ssh connection to zuul@192.168.32.9 successfully created
2024-08-06 04:38:59,084 38 DEBUG    [whitebox_neutron_tempest_plugin.tests.scenario.base] Result = 'true'
2024-08-06 04:38:59,902 38 INFO     [tempest.lib.common.rest_client] Request (GatewayMtuTestUdp:test_south_to_north_pmtud_udp_basic): 201 POST https://neutron-public-openstack.apps.ocp.openstack.lab/v2.0/networks 0.817s
2024-08-06 04:38:59,902 38 DEBUG    [tempest.lib.common.rest_client] Request - Headers: {'Content-Type': 'application/json', 'Accept': 'application/json', 'X-Auth-Token': '&lt;omitted&gt;'}
        Body: {"network": {"name": "tempest-test-network--219522109"}}
    Response - Headers: {'date': 'Tue, 06 Aug 2024 04:38:59 GMT', 'server': 'Apache', 'content-type': 'application/json', 'content-length': '650', 'x-openstack-request-id': 'req-6ee89f9d-f271-465e-b73d-947338347fcd', 'set-cookie': '38cec1d9c789c59243203143f8ef839e=05ea73329717cce2b0ba53fbc5ea7ed2; path=/; HttpOnly; Secure; SameSite=None', 'connection': 'close', 'status': '201', 'content-location': 'https://neutron-public-openstack.apps.ocp.openstack.lab/v2.0/networks'}
        Body: b'{"network":{"id":"51241652-3dd2-4e76-812c-8e351f7e5edc","name":"tempest-test-network--219522109","tenant_id":"02254862e705437f8683cb072b9958d7","admin_state_up":true,"mtu":1500,"status":"ACTIVE","subnets":[],"shared":false,"project_id":"02254862e705437f8683cb072b9958d7","qos_policy_id":null,"port_security_enabled":true,"dns_domain":"","router:external":false,"vlan_transparent":false,"is_default":false,"availability_zone_hints":[],"availability_zones":[],"ipv4_address_scope":null,"ipv6_address_scope":null,"description":"","l2_adjacency":true,"tags":[],"created_at":"2024-08-06T04:38:59Z","updated_at":"2024-08-06T04:38:59Z","revision_number":1}}'
2024-08-06 04:39:01,183 38 INFO     [tempest.lib.common.rest_client] Request (GatewayMtuTestUdp:test_south_to_north_pmtud_udp_basic): 201 POST https://neutron-public-openstack.apps.ocp.openstack.lab/v2.0/subnets 1.280s
2024-08-06 04:39:01,183 38 DEBUG    [tempest.lib.common.rest_client] Request - Headers: {'Content-Type': 'application/json', 'Accept': 'application/json', 'X-Auth-Token': '&lt;omitted&gt;'}
        Body: {"subnet": {"network_id": "51241652-3dd2-4e76-812c-8e351f7e5edc", "cidr": "10.100.0.0/28", "ip_version": 4, "gateway_ip": "10.100.0.1"}}
    Response - Headers: {'date': 'Tue, 06 Aug 2024 04:39:01 GMT', 'server': 'Apache', 'content-type': 'application/json', 'content-length': '602', 'x-openstack-request-id': 'req-9c3f30d8-8988-46da-8807-eee6a16bbf7d', 'set-cookie': '38cec1d9c789c59243203143f8ef839e=6d87918431dd557a8a7bdfa6693f827e; path=/; HttpOnly; Secure; SameSite=None', 'connection': 'close', 'status': '201', 'content-location': 'https://neutron-public-openstack.apps.ocp.openstack.lab/v2.0/subnets'}
        Body: b'{"subnet":{"id":"5acb748e-5dc9-4470-a4ee-ebd683bf49b3","name":"","tenant_id":"02254862e705437f8683cb072b9958d7","network_id":"51241652-3dd2-4e76-812c-8e351f7e5edc","ip_version":4,"subnetpool_id":null,"enable_dhcp":true,"ipv6_ra_mode":null,"ipv6_address_mode":null,"gateway_ip":"10.100.0.1","cidr":"10.100.0.0/28","allocation_pools":[{"start":"10.100.0.2","end":"10.100.0.14"}],"host_routes":[],"dns_nameservers":[],"description":"","service_types":[],"tags":[],"created_at":"2024-08-06T04:39:00Z","updated_at":"2024-08-06T04:39:00Z","revision_number":0,"project_id":"02254862e705437f8683cb072b9958d7"}}'
2024-08-06 04:39:03,892 38 INFO     [tempest.lib.common.rest_client] Request (GatewayMtuTestUdp:test_south_to_north_pmtud_udp_basic): 201 POST https://neutron-public-openstack.apps.ocp.openstack.lab/v2.0/routers 2.707s
2024-08-06 04:39:03,892 38 DEBUG    [tempest.lib.common.rest_client] Request - Headers: {'Content-Type': 'application/json', 'Accept': 'application/json', 'X-Auth-Token': '&lt;omitted&gt;'}
        Body: {"router": {"external_gateway_info": {"network_id": "db2af16d-2e2b-48eb-a015-f223bcfe4290"}, "name": "tempest-router-1452111262", "admin_state_up": true}}
    Response - Headers: {'date': 'Tue, 06 Aug 2024 04:39:03 GMT', 'server': 'Apache', 'content-type': 'application/json', 'content-length': '652', 'x-openstack-request-id': 'req-e3e1e206-1705-40db-8eb9-2622d72bceb6', 'set-cookie': '38cec1d9c789c59243203143f8ef839e=91beeb14a5e45a074fd6afbd3b2b6ef2; path=/; HttpOnly; Secure; SameSite=None', 'connection': 'close', 'status': '201', 'content-location': 'https://neutron-public-openstack.apps.ocp.openstack.lab/v2.0/routers'}
        Body: b'{"router": {"id": "650bb684-a537-45f9-b5b3-38ee17a65d4b", "name": "tempest-router-1452111262", "tenant_id": "02254862e705437f8683cb072b9958d7", "admin_state_up": true, "status": "ACTIVE", "external_gateway_info": {"network_id": "db2af16d-2e2b-48eb-a015-f223bcfe4290", "external_fixed_ips": [{"subnet_id": "6eff1038-61be-4779-a622-2c518d5db465", "ip_address": "192.168.122.222"}], "enable_snat": true}, "description": "", "availability_zones": [], "availability_zone_hints": [], "routes": [], "tags": [], "created_at": "2024-08-06T04:39:01Z", "updated_at": "2024-08-06T04:39:02Z", "revision_number": 2, "project_id": "02254862e705437f8683cb072b9958d7"}}'
2024-08-06 04:39:03,892 38 DEBUG    [neutron_tempest_plugin.scenario.base] Created router tempest-router-1452111262
2024-08-06 04:39:04,051 38 INFO     [tempest.lib.common.rest_client] Request (GatewayMtuTestUdp:test_south_to_north_pmtud_udp_basic): 200 GET https://neutron-public-openstack.apps.ocp.openstack.lab/v2.0/routers/650bb684-a537-45f9-b5b3-38ee17a65d4b 0.158s
2024-08-06 04:39:04,052 38 DEBUG    [tempest.lib.common.rest_client] Request - Headers: {'Content-Type': 'application/json', 'Accept': 'application/json', 'X-Auth-Token': '&lt;omitted&gt;'}
        Body: None
    Response - Headers: {'date': 'Tue, 06 Aug 2024 04:39:04 GMT', 'server': 'Apache', 'content-type': 'application/json', 'content-length': '652', 'x-openstack-request-id': 'req-e2b0f76d-edd4-4765-9831-49152ca7659c', 'set-cookie': '38cec1d9c789c59243203143f8ef839e=05ea73329717cce2b0ba53fbc5ea7ed2; path=/; HttpOnly; Secure; SameSite=None', 'connection': 'close', 'status': '200', 'content-location': 'https://neutron-public-openstack.apps.ocp.openstack.lab/v2.0/routers/650bb684-a537-45f9-b5b3-38ee17a65d4b'}
        Body: b'{"router": {"id": "650bb684-a537-45f9-b5b3-38ee17a65d4b", "name": "tempest-router-1452111262", "tenant_id": "02254862e705437f8683cb072b9958d7", "admin_state_up": true, "status": "ACTIVE", "external_gateway_info": {"network_id": "db2af16d-2e2b-48eb-a015-f223bcfe4290", "external_fixed_ips": [{"subnet_id": "6eff1038-61be-4779-a622-2c518d5db465", "ip_address": "192.168.122.222"}], "enable_snat": true}, "description": "", "availability_zones": [], "availability_zone_hints": [], "routes": [], "tags": [], "created_at": "2024-08-06T04:39:01Z", "updated_at": "2024-08-06T04:39:02Z", "revision_number": 2, "project_id": "02254862e705437f8683cb072b9958d7"}}'
2024-08-06 04:39:07,261 38 INFO     [tempest.lib.common.rest_client] Request (GatewayMtuTestUdp:test_south_to_north_pmtud_udp_basic): 200 PUT https://neutron-public-openstack.apps.ocp.openstack.lab/v2.0/routers/650bb684-a537-45f9-b5b3-38ee17a65d4b/add_router_interface 3.209s
2024-08-06 04:39:07,262 38 DEBUG    [tempest.lib.common.rest_client] Request - Headers: {'Content-Type': 'application/json', 'Accept': 'application/json', 'X-Auth-Token': '&lt;omitted&gt;'}
        Body: {"subnet_id": "5acb748e-5dc9-4470-a4ee-ebd683bf49b3"}
    Response - Headers: {'date': 'Tue, 06 Aug 2024 04:39:07 GMT', 'server': 'Apache', 'content-type': 'application/json', 'content-length': '309', 'x-openstack-request-id': 'req-39321ff7-8fbc-4347-83c7-139e9d162ffe', 'set-cookie': '38cec1d9c789c59243203143f8ef839e=91beeb14a5e45a074fd6afbd3b2b6ef2; path=/; HttpOnly; Secure; SameSite=None', 'connection': 'close', 'status': '200', 'content-location': 'https://neutron-public-openstack.apps.ocp.openstack.lab/v2.0/routers/650bb684-a537-45f9-b5b3-38ee17a65d4b/add_router_interface'}
        Body: b'{"id": "650bb684-a537-45f9-b5b3-38ee17a65d4b", "tenant_id": "02254862e705437f8683cb072b9958d7", "port_id": "8fbda9ff-bd6f-41c3-96c8-c069ef5933f5", "network_id": "51241652-3dd2-4e76-812c-8e351f7e5edc", "subnet_id": "5acb748e-5dc9-4470-a4ee-ebd683bf49b3", "subnet_ids": ["5acb748e-5dc9-4470-a4ee-ebd683bf49b3"]}'
2024-08-06 04:39:07,588 38 INFO     [tempest.lib.common.rest_client] Request (GatewayMtuTestUdp:test_south_to_north_pmtud_udp_basic): 200 GET https://neutron-public-openstack.apps.ocp.openstack.lab/v2.0/networks/db2af16d-2e2b-48eb-a015-f223bcfe4290 0.326s
2024-08-06 04:39:07,589 38 DEBUG    [tempest.lib.common.rest_client] Request - Headers: {'Content-Type': 'application/json', 'Accept': 'application/json', 'X-Auth-Token': '&lt;omitted&gt;'}
        Body: None
    Response - Headers: {'date': 'Tue, 06 Aug 2024 04:39:07 GMT', 'server': 'Apache', 'content-type': 'application/json', 'content-length': '665', 'x-openstack-request-id': 'req-73f7e197-9a0a-41a5-be81-171dd7dff46f', 'set-cookie': '38cec1d9c789c59243203143f8ef839e=6d87918431dd557a8a7bdfa6693f827e; path=/; HttpOnly; Secure; SameSite=None', 'connection': 'close', 'status': '200', 'content-location': 'https://neutron-public-openstack.apps.ocp.openstack.lab/v2.0/networks/db2af16d-2e2b-48eb-a015-f223bcfe4290'}
        Body: b'{"network":{"id":"db2af16d-2e2b-48eb-a015-f223bcfe4290","name":"public","tenant_id":"70e6752edf9440f59f7a34ab76677887","admin_state_up":true,"mtu":1500,"status":"ACTIVE","subnets":["6eff1038-61be-4779-a622-2c518d5db465"],"shared":false,"availability_zone_hints":[],"availability_zones":[],"ipv4_address_scope":null,"ipv6_address_scope":null,"router:external":true,"vlan_transparent":false,"description":"gman","qos_policy_id":null,"port_security_enabled":true,"dns_domain":"","l2_adjacency":true,"is_default":true,"tags":[],"created_at":"2024-08-05T23:44:35Z","updated_at":"2024-08-06T03:01:22Z","revision_number":5,"project_id":"70e6752edf9440f59f7a34ab76677887"}}'
2024-08-06 04:39:08,065 38 INFO     [tempest.lib.common.rest_client] Request (GatewayMtuTestUdp:test_south_to_north_pmtud_udp_basic): 200 PUT https://neutron-public-openstack.apps.ocp.openstack.lab/v2.0/networks/db2af16d-2e2b-48eb-a015-f223bcfe4290 0.475s
2024-08-06 04:39:08,066 38 DEBUG    [tempest.lib.common.rest_client] Request - Headers: {'X-Auth-Token': '&lt;omitted&gt;'}
        Body: {"network": {"shared": true}}
    Response - Headers: {'date': 'Tue, 06 Aug 2024 04:39:08 GMT', 'server': 'Apache', 'content-type': 'application/json', 'content-length': '768', 'x-openstack-request-id': 'req-db39e97c-fb6b-473e-97b5-d2a7131e3345', 'set-cookie': '38cec1d9c789c59243203143f8ef839e=05ea73329717cce2b0ba53fbc5ea7ed2; path=/; HttpOnly; Secure; SameSite=None', 'connection': 'close', 'status': '200', 'content-location': 'https://neutron-public-openstack.apps.ocp.openstack.lab/v2.0/networks/db2af16d-2e2b-48eb-a015-f223bcfe4290'}
        Body: b'{"network":{"id":"db2af16d-2e2b-48eb-a015-f223bcfe4290","name":"public","tenant_id":"70e6752edf9440f59f7a34ab76677887","admin_state_up":true,"mtu":1500,"status":"ACTIVE","subnets":["6eff1038-61be-4779-a622-2c518d5db465"],"shared":true,"availability_zone_hints":[],"availability_zones":[],"ipv4_address_scope":null,"ipv6_address_scope":null,"router:external":true,"vlan_transparent":false,"description":"gman","qos_policy_id":null,"port_security_enabled":true,"dns_domain":"","l2_adjacency":true,"is_default":true,"tags":[],"created_at":"2024-08-05T23:44:35Z","updated_at":"2024-08-06T04:39:07Z","revision_number":6,"project_id":"70e6752edf9440f59f7a34ab76677887","provider:network_type":"flat","provider:physical_network":"datacentre","provider:segmentation_id":null}}'
2024-08-06 04:39:08,711 38 INFO     [tempest.lib.common.rest_client] Request (GatewayMtuTestUdp:test_south_to_north_pmtud_udp_basic): 200 PUT https://neutron-public-openstack.apps.ocp.openstack.lab/v2.0/networks/db2af16d-2e2b-48eb-a015-f223bcfe4290 0.644s
2024-08-06 04:39:08,711 38 DEBUG    [tempest.lib.common.rest_client] Request - Headers: {'X-Auth-Token': '&lt;omitted&gt;'}
        Body: {"network": {"mtu": 1470}}
    Response - Headers: {'date': 'Tue, 06 Aug 2024 04:39:08 GMT', 'server': 'Apache', 'content-type': 'application/json', 'content-length': '768', 'x-openstack-request-id': 'req-7b720b63-573a-4e00-a6d9-ce9bbab59773', 'set-cookie': '38cec1d9c789c59243203143f8ef839e=05ea73329717cce2b0ba53fbc5ea7ed2; path=/; HttpOnly; Secure; SameSite=None', 'connection': 'close', 'status': '200', 'content-location': 'https://neutron-public-openstack.apps.ocp.openstack.lab/v2.0/networks/db2af16d-2e2b-48eb-a015-f223bcfe4290'}
        Body: b'{"network":{"id":"db2af16d-2e2b-48eb-a015-f223bcfe4290","name":"public","tenant_id":"70e6752edf9440f59f7a34ab76677887","admin_state_up":true,"mtu":1470,"status":"ACTIVE","subnets":["6eff1038-61be-4779-a622-2c518d5db465"],"shared":true,"availability_zone_hints":[],"availability_zones":[],"ipv4_address_scope":null,"ipv6_address_scope":null,"router:external":true,"vlan_transparent":false,"description":"gman","qos_policy_id":null,"port_security_enabled":true,"dns_domain":"","l2_adjacency":true,"is_default":true,"tags":[],"created_at":"2024-08-05T23:44:35Z","updated_at":"2024-08-06T04:39:08Z","revision_number":7,"project_id":"70e6752edf9440f59f7a34ab76677887","provider:network_type":"flat","provider:physical_network":"datacentre","provider:segmentation_id":null}}'
2024-08-06 04:39:08,857 38 INFO     [tempest.lib.common.rest_client] Request (GatewayMtuTestUdp:test_south_to_north_pmtud_udp_basic): 200 GET https://neutron-public-openstack.apps.ocp.openstack.lab/v2.0/ports?device_id=650bb684-a537-45f9-b5b3-38ee17a65d4b&amp;device_owner=network%3Arouter_gateway 0.145s
2024-08-06 04:39:08,857 38 DEBUG    [tempest.lib.common.rest_client] Request - Headers: {'Content-Type': 'application/json', 'Accept': 'application/json', 'X-Auth-Token': '&lt;omitted&gt;'}
        Body: None
    Response - Headers: {'date': 'Tue, 06 Aug 2024 04:39:08 GMT', 'server': 'Apache', 'content-type': 'application/json', 'content-length': '1143', 'x-openstack-request-id': 'req-48b2eb8c-1343-4a0b-a109-24c52d9ea33a', 'set-cookie': '38cec1d9c789c59243203143f8ef839e=6d87918431dd557a8a7bdfa6693f827e; path=/; HttpOnly; Secure; SameSite=None', 'connection': 'close', 'status': '200', 'content-location': 'https://neutron-public-openstack.apps.ocp.openstack.lab/v2.0/ports?device_id=650bb684-a537-45f9-b5b3-38ee17a65d4b&amp;device_owner=network%3Arouter_gateway'}
        Body: b'{"ports":[{"id":"a6f89c32-a24e-4abd-830d-f83a06668aef","name":"","network_id":"db2af16d-2e2b-48eb-a015-f223bcfe4290","tenant_id":"","mac_address":"fa:16:3e:9c:a2:0d","admin_state_up":true,"status":"ACTIVE","device_id":"650bb684-a537-45f9-b5b3-38ee17a65d4b","device_owner":"network:router_gateway","fixed_ips":[{"subnet_id":"6eff1038-61be-4779-a622-2c518d5db465","ip_address":"192.168.122.222"}],"allowed_address_pairs":[],"extra_dhcp_opts":[],"security_groups":[],"description":"","binding:vnic_type":"normal","binding:profile":{},"binding:host_id":"master-2","binding:vif_type":"ovs","binding:vif_details":{"port_filter":true,"connectivity":"l2","bridge_name":"br-int","datapath_type":"system","bound_drivers":{"0":"ovn"}},"qos_policy_id":null,"qos_network_policy_id":null,"port_security_enabled":false,"dns_name":"","dns_assignment":[{"ip_address":"192.168.122.222","hostname":"host-192-168-122-222","fqdn":"host-192-168-122-222.openstackgate.local."}],"dns_domain":"","resource_request":null,"ip_allocation":"immediate","tags":[],"created_at":"2024-08-06T04:39:01Z","updated_at":"2024-08-06T04:39:05Z","revision_number":4,"project_id":""}]}'
2024-08-06 04:39:08,858 38 INFO     [tempest.lib.common.ssh] Creating ssh connection to '192.168.32.9:22' as 'zuul' with password None
2024-08-06 04:39:08,874 38 INFO     [paramiko.transport] Connected (version 2.0, client OpenSSH_8.7)
2024-08-06 04:39:08,953 38 INFO     [paramiko.transport] Authentication (publickey) successful!
2024-08-06 04:39:08,954 38 INFO     [tempest.lib.common.ssh] ssh connection to zuul@192.168.32.9 successfully created
2024-08-06 04:39:09,451 38 DEBUG    [whitebox_neutron_tempest_plugin.tests.scenario.base] Output: "1470"

2024-08-06 04:39:12,516 38 INFO     [tempest.lib.common.rest_client] Request (GatewayMtuTestUdp:test_south_to_north_pmtud_udp_basic): 202 POST https://nova-public-openstack.apps.ocp.openstack.lab/v2.1/servers 3.062s
2024-08-06 04:39:12,517 38 DEBUG    [tempest.lib.common.rest_client] Request - Headers: {'Content-Type': 'application/json', 'Accept': 'application/json', 'X-Auth-Token': '&lt;omitted&gt;'}
        Body: {"server": {"name": "tempest-server-test-131914582", "flavorRef": "22222222-2222-2222-2222-222222222222", "imageRef": "11111111-1111-1111-1111-111111111111", "networks": [{"uuid": "db2af16d-2e2b-48eb-a015-f223bcfe4290"}], "key_name": "tempest-keypair-test-678256078", "security_groups": [{"name": "tempest-GatewayMtuTestUdp-682715398"}]}}
    Response - Headers: {'date': 'Tue, 06 Aug 2024 04:39:09 GMT', 'server': 'Apache', 'content-length': '460', 'location': 'https://nova-public-openstack.apps.ocp.openstack.lab/v2.1/servers/42c4bcdd-1098-495a-b986-6353531570af', 'openstack-api-version': 'compute 2.1', 'x-openstack-nova-api-version': '2.1', 'vary': 'OpenStack-API-Version,X-OpenStack-Nova-API-Version', 'x-openstack-request-id': 'req-584bb415-bdbd-4a58-832c-4c60407e07f1', 'x-compute-request-id': 'req-584bb415-bdbd-4a58-832c-4c60407e07f1', 'content-type': 'application/json', 'set-cookie': '0dc6017b143850df8350099417b4ec9f=76a084e29d9ee7d8315464efc0157477; path=/; HttpOnly; Secure; SameSite=None', 'connection': 'close', 'status': '202', 'content-location': 'https://nova-public-openstack.apps.ocp.openstack.lab/v2.1/servers'}
        Body: b'{"server": {"id": "42c4bcdd-1098-495a-b986-6353531570af", "links": [{"rel": "self", "href": "https://nova-public-openstack.apps.ocp.openstack.lab/v2.1/servers/42c4bcdd-1098-495a-b986-6353531570af"}, {"rel": "bookmark", "href": "https://nova-public-openstack.apps.ocp.openstack.lab/servers/42c4bcdd-1098-495a-b986-6353531570af"}], "OS-DCF:diskConfig": "MANUAL", "security_groups": [{"name": "tempest-GatewayMtuTestUdp-682715398"}], "adminPass": "4JEdY8Ub3nfz"}}'
2024-08-06 04:39:13,016 38 INFO     [tempest.lib.common.rest_client] Request (GatewayMtuTestUdp:test_south_to_north_pmtud_udp_basic): 200 GET https://nova-public-openstack.apps.ocp.openstack.lab/v2.1/servers/42c4bcdd-1098-495a-b986-6353531570af 0.486s
2024-08-06 04:39:13,016 38 DEBUG    [tempest.lib.common.rest_client] Request - Headers: {'Content-Type': 'application/json', 'Accept': 'application/json', 'X-Auth-Token': '&lt;omitted&gt;'}
        Body: None
    Response - Headers: {'date': 'Tue, 06 Aug 2024 04:39:12 GMT', 'server': 'Apache', 'content-length': '1395', 'openstack-api-version': 'compute 2.1', 'x-openstack-nova-api-version': '2.1', 'vary': 'OpenStack-API-Version,X-OpenStack-Nova-API-Version', 'x-openstack-request-id': 'req-213d04f1-4c9f-4459-9227-11e494b4aa56', 'x-compute-request-id': 'req-213d04f1-4c9f-4459-9227-11e494b4aa56', 'content-type': 'application/json', 'set-cookie': '0dc6017b143850df8350099417b4ec9f=813ce21019210e07174e2a45f4254366; path=/; HttpOnly; Secure; SameSite=None', 'connection': 'close', 'status': '200', 'content-location': 'https://nova-public-openstack.apps.ocp.openstack.lab/v2.1/servers/42c4bcdd-1098-495a-b986-6353531570af'}
        Body: b'{"server": {"id": "42c4bcdd-1098-495a-b986-6353531570af", "name": "tempest-server-test-131914582", "status": "BUILD", "tenant_id": "02254862e705437f8683cb072b9958d7", "user_id": "5cc2b012d0de4c5096cf13ba6e7bfd29", "metadata": {}, "hostId": "", "image": {"id": "11111111-1111-1111-1111-111111111111", "links": [{"rel": "bookmark", "href": "https://nova-public-openstack.apps.ocp.openstack.lab/images/11111111-1111-1111-1111-111111111111"}]}, "flavor": {"id": "22222222-2222-2222-2222-222222222222", "links": [{"rel": "bookmark", "href": "https://nova-public-openstack.apps.ocp.openstack.lab/flavors/22222222-2222-2222-2222-222222222222"}]}, "created": "2024-08-06T04:39:12Z", "updated": "2024-08-06T04:39:12Z", "addresses": {}, "accessIPv4": "", "accessIPv6": "", "links": [{"rel": "self", "href": "https://nova-public-openstack.apps.ocp.openstack.lab/v2.1/servers/42c4bcdd-1098-495a-b986-6353531570af"}, {"rel": "bookmark", "href": "https://nova-public-openstack.apps.ocp.openstack.lab/servers/42c4bcdd-1098-495a-b986-6353531570af"}], "OS-DCF:diskConfig": "MANUAL", "progress": 0, "OS-EXT-AZ:availability_zone": "", "config_drive": "", "key_name": "tempest-keypair-test-678256078", "OS-SRV-USG:launched_at": null, "OS-SRV-USG:terminated_at": null, "OS-EXT-STS:task_state": "scheduling", "OS-EXT-STS:vm_state": "building", "OS-EXT-STS:power_state": 0, "os-extended-volumes:volumes_attached": []}}'
2024-08-06 04:39:14,432 38 INFO     [tempest.lib.common.rest_client] Request (GatewayMtuTestUdp:test_south_to_north_pmtud_udp_basic): 200 GET https://nova-public-openstack.apps.ocp.openstack.lab/v2.1/servers/42c4bcdd-1098-495a-b986-6353531570af 0.408s
2024-08-06 04:39:14,432 38 DEBUG    [tempest.lib.common.rest_client] Request - Headers: {'Content-Type': 'application/json', 'Accept': 'application/json', 'X-Auth-Token': '&lt;omitted&gt;'}
        Body: None
    Response - Headers: {'date': 'Tue, 06 Aug 2024 04:39:14 GMT', 'server': 'Apache', 'content-length': '1391', 'openstack-api-version': 'compute 2.1', 'x-openstack-nova-api-version': '2.1', 'vary': 'OpenStack-API-Version,X-OpenStack-Nova-API-Version', 'x-openstack-request-id': 'req-88bf0762-2a33-457b-834b-0256299815ff', 'x-compute-request-id': 'req-88bf0762-2a33-457b-834b-0256299815ff', 'content-type': 'application/json', 'set-cookie': '0dc6017b143850df8350099417b4ec9f=34529be77471657e42eaa048100ce390; path=/; HttpOnly; Secure; SameSite=None', 'connection': 'close', 'status': '200', 'content-location': 'https://nova-public-openstack.apps.ocp.openstack.lab/v2.1/servers/42c4bcdd-1098-495a-b986-6353531570af'}
        Body: b'{"server": {"id": "42c4bcdd-1098-495a-b986-6353531570af", "name": "tempest-server-test-131914582", "status": "BUILD", "tenant_id": "02254862e705437f8683cb072b9958d7", "user_id": "5cc2b012d0de4c5096cf13ba6e7bfd29", "metadata": {}, "hostId": "", "image": {"id": "11111111-1111-1111-1111-111111111111", "links": [{"rel": "bookmark", "href": "https://nova-public-openstack.apps.ocp.openstack.lab/images/11111111-1111-1111-1111-111111111111"}]}, "flavor": {"id": "22222222-2222-2222-2222-222222222222", "links": [{"rel": "bookmark", "href": "https://nova-public-openstack.apps.ocp.openstack.lab/flavors/22222222-2222-2222-2222-222222222222"}]}, "created": "2024-08-06T04:39:12Z", "updated": "2024-08-06T04:39:14Z", "addresses": {}, "accessIPv4": "", "accessIPv6": "", "links": [{"rel": "self", "href": "https://nova-public-openstack.apps.ocp.openstack.lab/v2.1/servers/42c4bcdd-1098-495a-b986-6353531570af"}, {"rel": "bookmark", "href": "https://nova-public-openstack.apps.ocp.openstack.lab/servers/42c4bcdd-1098-495a-b986-6353531570af"}], "OS-DCF:diskConfig": "MANUAL", "progress": 0, "OS-EXT-AZ:availability_zone": "nova", "config_drive": "", "key_name": "tempest-keypair-test-678256078", "OS-SRV-USG:launched_at": null, "OS-SRV-USG:terminated_at": null, "OS-EXT-STS:task_state": null, "OS-EXT-STS:vm_state": "building", "OS-EXT-STS:power_state": 0, "os-extended-volumes:volumes_attached": []}}'
2024-08-06 04:39:14,438 38 INFO     [tempest.common.waiters] State transition "BUILD/scheduling" ==&gt; "BUILD/None" after 1 second wait
2024-08-06 04:39:15,979 38 INFO     [tempest.lib.common.rest_client] Request (GatewayMtuTestUdp:test_south_to_north_pmtud_udp_basic): 200 GET https://nova-public-openstack.apps.ocp.openstack.lab/v2.1/servers/42c4bcdd-1098-495a-b986-6353531570af 0.540s
2024-08-06 04:39:15,980 38 DEBUG    [tempest.lib.common.rest_client] Request - Headers: {'Content-Type': 'application/json', 'Accept': 'application/json', 'X-Auth-Token': '&lt;omitted&gt;'}
        Body: None
    Response - Headers: {'date': 'Tue, 06 Aug 2024 04:39:15 GMT', 'server': 'Apache', 'content-length': '1453', 'openstack-api-version': 'compute 2.1', 'x-openstack-nova-api-version': '2.1', 'vary': 'OpenStack-API-Version,X-OpenStack-Nova-API-Version', 'x-openstack-request-id': 'req-6badb921-cf70-4fec-8c2f-7b93b8ec3dcb', 'x-compute-request-id': 'req-6badb921-cf70-4fec-8c2f-7b93b8ec3dcb', 'content-type': 'application/json', 'set-cookie': '0dc6017b143850df8350099417b4ec9f=76a084e29d9ee7d8315464efc0157477; path=/; HttpOnly; Secure; SameSite=None', 'connection': 'close', 'status': '200', 'content-location': 'https://nova-public-openstack.apps.ocp.openstack.lab/v2.1/servers/42c4bcdd-1098-495a-b986-6353531570af'}
        Body: b'{"server": {"id": "42c4bcdd-1098-495a-b986-6353531570af", "name": "tempest-server-test-131914582", "status": "BUILD", "tenant_id": "02254862e705437f8683cb072b9958d7", "user_id": "5cc2b012d0de4c5096cf13ba6e7bfd29", "metadata": {}, "hostId": "8a8a633c688d674edfe2a3f3834a948082c88e2a83f1acb95fe4a2f2", "image": {"id": "11111111-1111-1111-1111-111111111111", "links": [{"rel": "bookmark", "href": "https://nova-public-openstack.apps.ocp.openstack.lab/images/11111111-1111-1111-1111-111111111111"}]}, "flavor": {"id": "22222222-2222-2222-2222-222222222222", "links": [{"rel": "bookmark", "href": "https://nova-public-openstack.apps.ocp.openstack.lab/flavors/22222222-2222-2222-2222-222222222222"}]}, "created": "2024-08-06T04:39:12Z", "updated": "2024-08-06T04:39:15Z", "addresses": {}, "accessIPv4": "", "accessIPv6": "", "links": [{"rel": "self", "href": "https://nova-public-openstack.apps.ocp.openstack.lab/v2.1/servers/42c4bcdd-1098-495a-b986-6353531570af"}, {"rel": "bookmark", "href": "https://nova-public-openstack.apps.ocp.openstack.lab/servers/42c4bcdd-1098-495a-b986-6353531570af"}], "OS-DCF:diskConfig": "MANUAL", "progress": 0, "OS-EXT-AZ:availability_zone": "nova", "config_drive": "", "key_name": "tempest-keypair-test-678256078", "OS-SRV-USG:launched_at": null, "OS-SRV-USG:terminated_at": null, "OS-EXT-STS:task_state": "spawning", "OS-EXT-STS:vm_state": "building", "OS-EXT-STS:power_state": 0, "os-extended-volumes:volumes_attached": []}}'
2024-08-06 04:39:15,985 38 INFO     [tempest.common.waiters] State transition "BUILD/None" ==&gt; "BUILD/spawning" after 2 second wait
2024-08-06 04:39:17,862 38 INFO     [tempest.lib.common.rest_client] Request (GatewayMtuTestUdp:test_south_to_north_pmtud_udp_basic): 200 GET https://nova-public-openstack.apps.ocp.openstack.lab/v2.1/servers/42c4bcdd-1098-495a-b986-6353531570af 0.875s
2024-08-06 04:39:17,863 38 DEBUG    [tempest.lib.common.rest_client] Request - Headers: {'Content-Type': 'application/json', 'Accept': 'application/json', 'X-Auth-Token': '&lt;omitted&gt;'}
        Body: None
    Response - Headers: {'date': 'Tue, 06 Aug 2024 04:39:17 GMT', 'server': 'Apache', 'content-length': '1523', 'openstack-api-version': 'compute 2.1', 'x-openstack-nova-api-version': '2.1', 'vary': 'OpenStack-API-Version,X-OpenStack-Nova-API-Version', 'x-openstack-request-id': 'req-d63adba5-7406-41a6-85ff-9747b188d10a', 'x-compute-request-id': 'req-d63adba5-7406-41a6-85ff-9747b188d10a', 'content-type': 'application/json', 'set-cookie': '0dc6017b143850df8350099417b4ec9f=76a084e29d9ee7d8315464efc0157477; path=/; HttpOnly; Secure; SameSite=None', 'connection': 'close', 'status': '200', 'content-location': 'https://nova-public-openstack.apps.ocp.openstack.lab/v2.1/servers/42c4bcdd-1098-495a-b986-6353531570af'}
        Body: b'{"server": {"id": "42c4bcdd-1098-495a-b986-6353531570af", "name": "tempest-server-test-131914582", "status": "BUILD", "tenant_id": "02254862e705437f8683cb072b9958d7", "user_id": "5cc2b012d0de4c5096cf13ba6e7bfd29", "metadata": {}, "hostId": "8a8a633c688d674edfe2a3f3834a948082c88e2a83f1acb95fe4a2f2", "image": {"id": "11111111-1111-1111-1111-111111111111", "links": [{"rel": "bookmark", "href": "https://nova-public-openstack.apps.ocp.openstack.lab/images/11111111-1111-1111-1111-111111111111"}]}, "flavor": {"id": "22222222-2222-2222-2222-222222222222", "links": [{"rel": "bookmark", "href": "https://nova-public-openstack.apps.ocp.openstack.lab/flavors/22222222-2222-2222-2222-222222222222"}]}, "created": "2024-08-06T04:39:12Z", "updated": "2024-08-06T04:39:15Z", "addresses": {}, "accessIPv4": "", "accessIPv6": "", "links": [{"rel": "self", "href": "https://nova-public-openstack.apps.ocp.openstack.lab/v2.1/servers/42c4bcdd-1098-495a-b986-6353531570af"}, {"rel": "bookmark", "href": "https://nova-public-openstack.apps.ocp.openstack.lab/servers/42c4bcdd-1098-495a-b986-6353531570af"}], "OS-DCF:diskConfig": "MANUAL", "progress": 0, "OS-EXT-AZ:availability_zone": "nova", "config_drive": "", "key_name": "tempest-keypair-test-678256078", "OS-SRV-USG:launched_at": null, "OS-SRV-USG:terminated_at": null, "security_groups": [{"name": "tempest-GatewayMtuTestUdp-682715398"}], "OS-EXT-STS:task_state": "spawning", "OS-EXT-STS:vm_state": "building", "OS-EXT-STS:power_state": 0, "os-extended-volumes:volumes_attached": []}}'
2024-08-06 04:39:19,696 38 INFO     [tempest.lib.common.rest_client] Request (GatewayMtuTestUdp:test_south_to_north_pmtud_udp_basic): 200 GET https://nova-public-openstack.apps.ocp.openstack.lab/v2.1/servers/42c4bcdd-1098-495a-b986-6353531570af 0.826s
2024-08-06 04:39:19,697 38 DEBUG    [tempest.lib.common.rest_client] Request - Headers: {'Content-Type': 'application/json', 'Accept': 'application/json', 'X-Auth-Token': '&lt;omitted&gt;'}
        Body: None
    Response - Headers: {'date': 'Tue, 06 Aug 2024 04:39:18 GMT', 'server': 'Apache', 'content-length': '1523', 'openstack-api-version': 'compute 2.1', 'x-openstack-nova-api-version': '2.1', 'vary': 'OpenStack-API-Version,X-OpenStack-Nova-API-Version', 'x-openstack-request-id': 'req-967a30e2-a828-45a9-935e-7e90fa1f2bf1', 'x-compute-request-id': 'req-967a30e2-a828-45a9-935e-7e90fa1f2bf1', 'content-type': 'application/json', 'set-cookie': '0dc6017b143850df8350099417b4ec9f=813ce21019210e07174e2a45f4254366; path=/; HttpOnly; Secure; SameSite=None', 'connection': 'close', 'status': '200', 'content-location': 'https://nova-public-openstack.apps.ocp.openstack.lab/v2.1/servers/42c4bcdd-1098-495a-b986-6353531570af'}
        Body: b'{"server": {"id": "42c4bcdd-1098-495a-b986-6353531570af", "name": "tempest-server-test-131914582", "status": "BUILD", "tenant_id": "02254862e705437f8683cb072b9958d7", "user_id": "5cc2b012d0de4c5096cf13ba6e7bfd29", "metadata": {}, "hostId": "8a8a633c688d674edfe2a3f3834a948082c88e2a83f1acb95fe4a2f2", "image": {"id": "11111111-1111-1111-1111-111111111111", "links": [{"rel": "bookmark", "href": "https://nova-public-openstack.apps.ocp.openstack.lab/images/11111111-1111-1111-1111-111111111111"}]}, "flavor": {"id": "22222222-2222-2222-2222-222222222222", "links": [{"rel": "bookmark", "href": "https://nova-public-openstack.apps.ocp.openstack.lab/flavors/22222222-2222-2222-2222-222222222222"}]}, "created": "2024-08-06T04:39:12Z", "updated": "2024-08-06T04:39:15Z", "addresses": {}, "accessIPv4": "", "accessIPv6": "", "links": [{"rel": "self", "href": "https://nova-public-openstack.apps.ocp.openstack.lab/v2.1/servers/42c4bcdd-1098-495a-b986-6353531570af"}, {"rel": "bookmark", "href": "https://nova-public-openstack.apps.ocp.openstack.lab/servers/42c4bcdd-1098-495a-b986-6353531570af"}], "OS-DCF:diskConfig": "MANUAL", "progress": 0, "OS-EXT-AZ:availability_zone": "nova", "config_drive": "", "key_name": "tempest-keypair-test-678256078", "OS-SRV-USG:launched_at": null, "OS-SRV-USG:terminated_at": null, "security_groups": [{"name": "tempest-GatewayMtuTestUdp-682715398"}], "OS-EXT-STS:task_state": "spawning", "OS-EXT-STS:vm_state": "building", "OS-EXT-STS:power_state": 0, "os-extended-volumes:volumes_attached": []}}'
2024-08-06 04:39:21,593 38 INFO     [tempest.lib.common.rest_client] Request (GatewayMtuTestUdp:test_south_to_north_pmtud_udp_basic): 200 GET https://nova-public-openstack.apps.ocp.openstack.lab/v2.1/servers/42c4bcdd-1098-495a-b986-6353531570af 0.889s
2024-08-06 04:39:21,594 38 DEBUG    [tempest.lib.common.rest_client] Request - Headers: {'Content-Type': 'application/json', 'Accept': 'application/json', 'X-Auth-Token': '&lt;omitted&gt;'}
        Body: None
    Response - Headers: {'date': 'Tue, 06 Aug 2024 04:39:20 GMT', 'server': 'Apache', 'content-length': '1523', 'openstack-api-version': 'compute 2.1', 'x-openstack-nova-api-version': '2.1', 'vary': 'OpenStack-API-Version,X-OpenStack-Nova-API-Version', 'x-openstack-request-id': 'req-4e740b06-b042-49f9-8187-004618af8e1f', 'x-compute-request-id': 'req-4e740b06-b042-49f9-8187-004618af8e1f', 'content-type': 'application/json', 'set-cookie': '0dc6017b143850df8350099417b4ec9f=34529be77471657e42eaa048100ce390; path=/; HttpOnly; Secure; SameSite=None', 'connection': 'close', 'status': '200', 'content-location': 'https://nova-public-openstack.apps.ocp.openstack.lab/v2.1/servers/42c4bcdd-1098-495a-b986-6353531570af'}
        Body: b'{"server": {"id": "42c4bcdd-1098-495a-b986-6353531570af", "name": "tempest-server-test-131914582", "status": "BUILD", "tenant_id": "02254862e705437f8683cb072b9958d7", "user_id": "5cc2b012d0de4c5096cf13ba6e7bfd29", "metadata": {}, "hostId": "8a8a633c688d674edfe2a3f3834a948082c88e2a83f1acb95fe4a2f2", "image": {"id": "11111111-1111-1111-1111-111111111111", "links": [{"rel": "bookmark", "href": "https://nova-public-openstack.apps.ocp.openstack.lab/images/11111111-1111-1111-1111-111111111111"}]}, "flavor": {"id": "22222222-2222-2222-2222-222222222222", "links": [{"rel": "bookmark", "href": "https://nova-public-openstack.apps.ocp.openstack.lab/flavors/22222222-2222-2222-2222-222222222222"}]}, "created": "2024-08-06T04:39:12Z", "updated": "2024-08-06T04:39:15Z", "addresses": {}, "accessIPv4": "", "accessIPv6": "", "links": [{"rel": "self", "href": "https://nova-public-openstack.apps.ocp.openstack.lab/v2.1/servers/42c4bcdd-1098-495a-b986-6353531570af"}, {"rel": "bookmark", "href": "https://nova-public-openstack.apps.ocp.openstack.lab/servers/42c4bcdd-1098-495a-b986-6353531570af"}], "OS-DCF:diskConfig": "MANUAL", "progress": 0, "OS-EXT-AZ:availability_zone": "nova", "config_drive": "", "key_name": "tempest-keypair-test-678256078", "OS-SRV-USG:launched_at": null, "OS-SRV-USG:terminated_at": null, "security_groups": [{"name": "tempest-GatewayMtuTestUdp-682715398"}], "OS-EXT-STS:task_state": "spawning", "OS-EXT-STS:vm_state": "building", "OS-EXT-STS:power_state": 0, "os-extended-volumes:volumes_attached": []}}'
2024-08-06 04:39:23,468 38 INFO     [tempest.lib.common.rest_client] Request (GatewayMtuTestUdp:test_south_to_north_pmtud_udp_basic): 200 GET https://nova-public-openstack.apps.ocp.openstack.lab/v2.1/servers/42c4bcdd-1098-495a-b986-6353531570af 0.859s
2024-08-06 04:39:23,468 38 DEBUG    [tempest.lib.common.rest_client] Request - Headers: {'Content-Type': 'application/json', 'Accept': 'application/json', 'X-Auth-Token': '&lt;omitted&gt;'}
        Body: None
    Response - Headers: {'date': 'Tue, 06 Aug 2024 04:39:22 GMT', 'server': 'Apache', 'content-length': '1523', 'openstack-api-version': 'compute 2.1', 'x-openstack-nova-api-version': '2.1', 'vary': 'OpenStack-API-Version,X-OpenStack-Nova-API-Version', 'x-openstack-request-id': 'req-ab009005-0637-43a6-a169-85a500682a25', 'x-compute-request-id': 'req-ab009005-0637-43a6-a169-85a500682a25', 'content-type': 'application/json', 'set-cookie': '0dc6017b143850df8350099417b4ec9f=34529be77471657e42eaa048100ce390; path=/; HttpOnly; Secure; SameSite=None', 'connection': 'close', 'status': '200', 'content-location': 'https://nova-public-openstack.apps.ocp.openstack.lab/v2.1/servers/42c4bcdd-1098-495a-b986-6353531570af'}
        Body: b'{"server": {"id": "42c4bcdd-1098-495a-b986-6353531570af", "name": "tempest-server-test-131914582", "status": "BUILD", "tenant_id": "02254862e705437f8683cb072b9958d7", "user_id": "5cc2b012d0de4c5096cf13ba6e7bfd29", "metadata": {}, "hostId": "8a8a633c688d674edfe2a3f3834a948082c88e2a83f1acb95fe4a2f2", "image": {"id": "11111111-1111-1111-1111-111111111111", "links": [{"rel": "bookmark", "href": "https://nova-public-openstack.apps.ocp.openstack.lab/images/11111111-1111-1111-1111-111111111111"}]}, "flavor": {"id": "22222222-2222-2222-2222-222222222222", "links": [{"rel": "bookmark", "href": "https://nova-public-openstack.apps.ocp.openstack.lab/flavors/22222222-2222-2222-2222-222222222222"}]}, "created": "2024-08-06T04:39:12Z", "updated": "2024-08-06T04:39:15Z", "addresses": {}, "accessIPv4": "", "accessIPv6": "", "links": [{"rel": "self", "href": "https://nova-public-openstack.apps.ocp.openstack.lab/v2.1/servers/42c4bcdd-1098-495a-b986-6353531570af"}, {"rel": "bookmark", "href": "https://nova-public-openstack.apps.ocp.openstack.lab/servers/42c4bcdd-1098-495a-b986-6353531570af"}], "OS-DCF:diskConfig": "MANUAL", "progress": 0, "OS-EXT-AZ:availability_zone": "nova", "config_drive": "", "key_name": "tempest-keypair-test-678256078", "OS-SRV-USG:launched_at": null, "OS-SRV-USG:terminated_at": null, "security_groups": [{"name": "tempest-GatewayMtuTestUdp-682715398"}], "OS-EXT-STS:task_state": "spawning", "OS-EXT-STS:vm_state": "building", "OS-EXT-STS:power_state": 0, "os-extended-volumes:volumes_attached": []}}'
2024-08-06 04:39:25,979 38 INFO     [tempest.lib.common.rest_client] Request (GatewayMtuTestUdp:test_south_to_north_pmtud_udp_basic): 200 GET https://nova-public-openstack.apps.ocp.openstack.lab/v2.1/servers/42c4bcdd-1098-495a-b986-6353531570af 1.494s
2024-08-06 04:39:25,980 38 DEBUG    [tempest.lib.common.rest_client] Request - Headers: {'Content-Type': 'application/json', 'Accept': 'application/json', 'X-Auth-Token': '&lt;omitted&gt;'}
        Body: None
    Response - Headers: {'date': 'Tue, 06 Aug 2024 04:39:24 GMT', 'server': 'Apache', 'content-length': '1673', 'openstack-api-version': 'compute 2.1', 'x-openstack-nova-api-version': '2.1', 'vary': 'OpenStack-API-Version,X-OpenStack-Nova-API-Version', 'x-openstack-request-id': 'req-fa03b088-de90-4501-b37d-6e06a879af5c', 'x-compute-request-id': 'req-fa03b088-de90-4501-b37d-6e06a879af5c', 'content-type': 'application/json', 'set-cookie': '0dc6017b143850df8350099417b4ec9f=76a084e29d9ee7d8315464efc0157477; path=/; HttpOnly; Secure; SameSite=None', 'connection': 'close', 'status': '200', 'content-location': 'https://nova-public-openstack.apps.ocp.openstack.lab/v2.1/servers/42c4bcdd-1098-495a-b986-6353531570af'}
        Body: b'{"server": {"id": "42c4bcdd-1098-495a-b986-6353531570af", "name": "tempest-server-test-131914582", "status": "ACTIVE", "tenant_id": "02254862e705437f8683cb072b9958d7", "user_id": "5cc2b012d0de4c5096cf13ba6e7bfd29", "metadata": {}, "hostId": "8a8a633c688d674edfe2a3f3834a948082c88e2a83f1acb95fe4a2f2", "image": {"id": "11111111-1111-1111-1111-111111111111", "links": [{"rel": "bookmark", "href": "https://nova-public-openstack.apps.ocp.openstack.lab/images/11111111-1111-1111-1111-111111111111"}]}, "flavor": {"id": "22222222-2222-2222-2222-222222222222", "links": [{"rel": "bookmark", "href": "https://nova-public-openstack.apps.ocp.openstack.lab/flavors/22222222-2222-2222-2222-222222222222"}]}, "created": "2024-08-06T04:39:12Z", "updated": "2024-08-06T04:39:23Z", "addresses": {"public": [{"version": 4, "addr": "192.168.122.245", "OS-EXT-IPS:type": "fixed", "OS-EXT-IPS-MAC:mac_addr": "fa:16:3e:c3:49:5e"}]}, "accessIPv4": "", "accessIPv6": "", "links": [{"rel": "self", "href": "https://nova-public-openstack.apps.ocp.openstack.lab/v2.1/servers/42c4bcdd-1098-495a-b986-6353531570af"}, {"rel": "bookmark", "href": "https://nova-public-openstack.apps.ocp.openstack.lab/servers/42c4bcdd-1098-495a-b986-6353531570af"}], "OS-DCF:diskConfig": "MANUAL", "progress": 0, "OS-EXT-AZ:availability_zone": "nova", "config_drive": "True", "key_name": "tempest-keypair-test-678256078", "OS-SRV-USG:launched_at": "2024-08-06T04:39:22.000000", "OS-SRV-USG:terminated_at": null, "security_groups": [{"name": "tempest-GatewayMtuTestUdp-682715398"}], "OS-EXT-STS:task_state": null, "OS-EXT-STS:vm_state": "active", "OS-EXT-STS:power_state": 1, "os-extended-volumes:volumes_attached": []}}'
2024-08-06 04:39:25,988 38 INFO     [tempest.common.waiters] State transition "BUILD/spawning" ==&gt; "ACTIVE/None" after 12 second wait
2024-08-06 04:39:26,359 38 INFO     [tempest.lib.common.rest_client] Request (GatewayMtuTestUdp:test_south_to_north_pmtud_udp_basic): 200 GET https://neutron-public-openstack.apps.ocp.openstack.lab/v2.0/ports?network_id=db2af16d-2e2b-48eb-a015-f223bcfe4290&amp;device_id=42c4bcdd-1098-495a-b986-6353531570af 0.370s
2024-08-06 04:39:26,360 38 DEBUG    [tempest.lib.common.rest_client] Request - Headers: {'Content-Type': 'application/json', 'Accept': 'application/json', 'X-Auth-Token': '&lt;omitted&gt;'}
        Body: None
    Response - Headers: {'date': 'Tue, 06 Aug 2024 04:39:26 GMT', 'server': 'Apache', 'content-type': 'application/json', 'content-length': '1043', 'x-openstack-request-id': 'req-a55848a2-bc09-4f65-99fb-fc960eb737af', 'set-cookie': '38cec1d9c789c59243203143f8ef839e=05ea73329717cce2b0ba53fbc5ea7ed2; path=/; HttpOnly; Secure; SameSite=None', 'connection': 'close', 'status': '200', 'content-location': 'https://neutron-public-openstack.apps.ocp.openstack.lab/v2.0/ports?network_id=db2af16d-2e2b-48eb-a015-f223bcfe4290&amp;device_id=42c4bcdd-1098-495a-b986-6353531570af'}
        Body: b'{"ports":[{"id":"ea3186ed-e926-4842-b42a-c461c80a4304","name":"","network_id":"db2af16d-2e2b-48eb-a015-f223bcfe4290","tenant_id":"02254862e705437f8683cb072b9958d7","mac_address":"fa:16:3e:c3:49:5e","admin_state_up":true,"status":"ACTIVE","device_id":"42c4bcdd-1098-495a-b986-6353531570af","device_owner":"compute:nova","fixed_ips":[{"subnet_id":"6eff1038-61be-4779-a622-2c518d5db465","ip_address":"192.168.122.245"}],"allowed_address_pairs":[],"extra_dhcp_opts":[],"security_groups":["4be83ef2-a406-4e25-bbb0-bbc297abe430"],"description":"","binding:vnic_type":"normal","qos_policy_id":null,"qos_network_policy_id":null,"port_security_enabled":true,"dns_name":"tempest-server-test-131914582","dns_assignment":[{"ip_address":"192.168.122.245","hostname":"tempest-server-test-131914582","fqdn":"tempest-server-test-131914582.openstackgate.local."}],"dns_domain":"","ip_allocation":"immediate","tags":[],"created_at":"2024-08-06T04:39:16Z","updated_at":"2024-08-06T04:39:22Z","revision_number":4,"project_id":"02254862e705437f8683cb072b9958d7"}]}'
2024-08-06 04:39:29,596 38 INFO     [tempest.lib.common.rest_client] Request (GatewayMtuTestUdp:test_south_to_north_pmtud_udp_basic): 202 POST https://nova-public-openstack.apps.ocp.openstack.lab/v2.1/servers 3.233s
2024-08-06 04:39:29,596 38 DEBUG    [tempest.lib.common.rest_client] Request - Headers: {'Content-Type': 'application/json', 'Accept': 'application/json', 'X-Auth-Token': '&lt;omitted&gt;'}
        Body: {"server": {"name": "tempest-server-test-1681327162", "flavorRef": "22222222-2222-2222-2222-222222222222", "imageRef": "11111111-1111-1111-1111-111111111111", "networks": [{"uuid": "51241652-3dd2-4e76-812c-8e351f7e5edc"}], "key_name": "tempest-keypair-test-678256078", "security_groups": [{"name": "tempest-GatewayMtuTestUdp-682715398"}]}}
    Response - Headers: {'date': 'Tue, 06 Aug 2024 04:39:26 GMT', 'server': 'Apache', 'content-length': '460', 'location': 'https://nova-public-openstack.apps.ocp.openstack.lab/v2.1/servers/9e4f991a-2a3d-4649-bb8f-a7c602d63c5f', 'openstack-api-version': 'compute 2.1', 'x-openstack-nova-api-version': '2.1', 'vary': 'OpenStack-API-Version,X-OpenStack-Nova-API-Version', 'x-openstack-request-id': 'req-b2970296-90dc-4623-a8aa-aa991c745863', 'x-compute-request-id': 'req-b2970296-90dc-4623-a8aa-aa991c745863', 'content-type': 'application/json', 'set-cookie': '0dc6017b143850df8350099417b4ec9f=813ce21019210e07174e2a45f4254366; path=/; HttpOnly; Secure; SameSite=None', 'connection': 'close', 'status': '202', 'content-location': 'https://nova-public-openstack.apps.ocp.openstack.lab/v2.1/servers'}
        Body: b'{"server": {"id": "9e4f991a-2a3d-4649-bb8f-a7c602d63c5f", "links": [{"rel": "self", "href": "https://nova-public-openstack.apps.ocp.openstack.lab/v2.1/servers/9e4f991a-2a3d-4649-bb8f-a7c602d63c5f"}, {"rel": "bookmark", "href": "https://nova-public-openstack.apps.ocp.openstack.lab/servers/9e4f991a-2a3d-4649-bb8f-a7c602d63c5f"}], "OS-DCF:diskConfig": "MANUAL", "security_groups": [{"name": "tempest-GatewayMtuTestUdp-682715398"}], "adminPass": "ar24mNniadXV"}}'
2024-08-06 04:39:30,002 38 INFO     [tempest.lib.common.rest_client] Request (GatewayMtuTestUdp:test_south_to_north_pmtud_udp_basic): 200 GET https://nova-public-openstack.apps.ocp.openstack.lab/v2.1/servers/9e4f991a-2a3d-4649-bb8f-a7c602d63c5f 0.402s
2024-08-06 04:39:30,002 38 DEBUG    [tempest.lib.common.rest_client] Request - Headers: {'Content-Type': 'application/json', 'Accept': 'application/json', 'X-Auth-Token': '&lt;omitted&gt;'}
        Body: None
    Response - Headers: {'date': 'Tue, 06 Aug 2024 04:39:29 GMT', 'server': 'Apache', 'content-length': '1396', 'openstack-api-version': 'compute 2.1', 'x-openstack-nova-api-version': '2.1', 'vary': 'OpenStack-API-Version,X-OpenStack-Nova-API-Version', 'x-openstack-request-id': 'req-da349504-5fa8-408b-a031-c3b0cdaf4ba4', 'x-compute-request-id': 'req-da349504-5fa8-408b-a031-c3b0cdaf4ba4', 'content-type': 'application/json', 'set-cookie': '0dc6017b143850df8350099417b4ec9f=813ce21019210e07174e2a45f4254366; path=/; HttpOnly; Secure; SameSite=None', 'connection': 'close', 'status': '200', 'content-location': 'https://nova-public-openstack.apps.ocp.openstack.lab/v2.1/servers/9e4f991a-2a3d-4649-bb8f-a7c602d63c5f'}
        Body: b'{"server": {"id": "9e4f991a-2a3d-4649-bb8f-a7c602d63c5f", "name": "tempest-server-test-1681327162", "status": "BUILD", "tenant_id": "02254862e705437f8683cb072b9958d7", "user_id": "5cc2b012d0de4c5096cf13ba6e7bfd29", "metadata": {}, "hostId": "", "image": {"id": "11111111-1111-1111-1111-111111111111", "links": [{"rel": "bookmark", "href": "https://nova-public-openstack.apps.ocp.openstack.lab/images/11111111-1111-1111-1111-111111111111"}]}, "flavor": {"id": "22222222-2222-2222-2222-222222222222", "links": [{"rel": "bookmark", "href": "https://nova-public-openstack.apps.ocp.openstack.lab/flavors/22222222-2222-2222-2222-222222222222"}]}, "created": "2024-08-06T04:39:29Z", "updated": "2024-08-06T04:39:29Z", "addresses": {}, "accessIPv4": "", "accessIPv6": "", "links": [{"rel": "self", "href": "https://nova-public-openstack.apps.ocp.openstack.lab/v2.1/servers/9e4f991a-2a3d-4649-bb8f-a7c602d63c5f"}, {"rel": "bookmark", "href": "https://nova-public-openstack.apps.ocp.openstack.lab/servers/9e4f991a-2a3d-4649-bb8f-a7c602d63c5f"}], "OS-DCF:diskConfig": "MANUAL", "progress": 0, "OS-EXT-AZ:availability_zone": "", "config_drive": "", "key_name": "tempest-keypair-test-678256078", "OS-SRV-USG:launched_at": null, "OS-SRV-USG:terminated_at": null, "OS-EXT-STS:task_state": "scheduling", "OS-EXT-STS:vm_state": "building", "OS-EXT-STS:power_state": 0, "os-extended-volumes:volumes_attached": []}}'
2024-08-06 04:39:31,452 38 INFO     [tempest.lib.common.rest_client] Request (GatewayMtuTestUdp:test_south_to_north_pmtud_udp_basic): 200 GET https://nova-public-openstack.apps.ocp.openstack.lab/v2.1/servers/9e4f991a-2a3d-4649-bb8f-a7c602d63c5f 0.442s
2024-08-06 04:39:31,452 38 DEBUG    [tempest.lib.common.rest_client] Request - Headers: {'Content-Type': 'application/json', 'Accept': 'application/json', 'X-Auth-Token': '&lt;omitted&gt;'}
        Body: None
    Response - Headers: {'date': 'Tue, 06 Aug 2024 04:39:31 GMT', 'server': 'Apache', 'content-length': '1396', 'openstack-api-version': 'compute 2.1', 'x-openstack-nova-api-version': '2.1', 'vary': 'OpenStack-API-Version,X-OpenStack-Nova-API-Version', 'x-openstack-request-id': 'req-dbdcb789-9fd4-4ed0-a46f-3ee572a2c5ef', 'x-compute-request-id': 'req-dbdcb789-9fd4-4ed0-a46f-3ee572a2c5ef', 'content-type': 'application/json', 'set-cookie': '0dc6017b143850df8350099417b4ec9f=34529be77471657e42eaa048100ce390; path=/; HttpOnly; Secure; SameSite=None', 'connection': 'close', 'status': '200', 'content-location': 'https://nova-public-openstack.apps.ocp.openstack.lab/v2.1/servers/9e4f991a-2a3d-4649-bb8f-a7c602d63c5f'}
        Body: b'{"server": {"id": "9e4f991a-2a3d-4649-bb8f-a7c602d63c5f", "name": "tempest-server-test-1681327162", "status": "BUILD", "tenant_id": "02254862e705437f8683cb072b9958d7", "user_id": "5cc2b012d0de4c5096cf13ba6e7bfd29", "metadata": {}, "hostId": "", "image": {"id": "11111111-1111-1111-1111-111111111111", "links": [{"rel": "bookmark", "href": "https://nova-public-openstack.apps.ocp.openstack.lab/images/11111111-1111-1111-1111-111111111111"}]}, "flavor": {"id": "22222222-2222-2222-2222-222222222222", "links": [{"rel": "bookmark", "href": "https://nova-public-openstack.apps.ocp.openstack.lab/flavors/22222222-2222-2222-2222-222222222222"}]}, "created": "2024-08-06T04:39:29Z", "updated": "2024-08-06T04:39:31Z", "addresses": {}, "accessIPv4": "", "accessIPv6": "", "links": [{"rel": "self", "href": "https://nova-public-openstack.apps.ocp.openstack.lab/v2.1/servers/9e4f991a-2a3d-4649-bb8f-a7c602d63c5f"}, {"rel": "bookmark", "href": "https://nova-public-openstack.apps.ocp.openstack.lab/servers/9e4f991a-2a3d-4649-bb8f-a7c602d63c5f"}], "OS-DCF:diskConfig": "MANUAL", "progress": 0, "OS-EXT-AZ:availability_zone": "", "config_drive": "", "key_name": "tempest-keypair-test-678256078", "OS-SRV-USG:launched_at": null, "OS-SRV-USG:terminated_at": null, "OS-EXT-STS:task_state": "scheduling", "OS-EXT-STS:vm_state": "building", "OS-EXT-STS:power_state": 0, "os-extended-volumes:volumes_attached": []}}'
2024-08-06 04:39:32,955 38 INFO     [tempest.lib.common.rest_client] Request (GatewayMtuTestUdp:test_south_to_north_pmtud_udp_basic): 200 GET https://nova-public-openstack.apps.ocp.openstack.lab/v2.1/servers/9e4f991a-2a3d-4649-bb8f-a7c602d63c5f 0.494s
2024-08-06 04:39:32,956 38 DEBUG    [tempest.lib.common.rest_client] Request - Headers: {'Content-Type': 'application/json', 'Accept': 'application/json', 'X-Auth-Token': '&lt;omitted&gt;'}
        Body: None
    Response - Headers: {'date': 'Tue, 06 Aug 2024 04:39:32 GMT', 'server': 'Apache', 'content-length': '1396', 'openstack-api-version': 'compute 2.1', 'x-openstack-nova-api-version': '2.1', 'vary': 'OpenStack-API-Version,X-OpenStack-Nova-API-Version', 'x-openstack-request-id': 'req-e81dffe0-d5db-4081-ba1a-4a656509538f', 'x-compute-request-id': 'req-e81dffe0-d5db-4081-ba1a-4a656509538f', 'content-type': 'application/json', 'set-cookie': '0dc6017b143850df8350099417b4ec9f=76a084e29d9ee7d8315464efc0157477; path=/; HttpOnly; Secure; SameSite=None', 'connection': 'close', 'status': '200', 'content-location': 'https://nova-public-openstack.apps.ocp.openstack.lab/v2.1/servers/9e4f991a-2a3d-4649-bb8f-a7c602d63c5f'}
        Body: b'{"server": {"id": "9e4f991a-2a3d-4649-bb8f-a7c602d63c5f", "name": "tempest-server-test-1681327162", "status": "BUILD", "tenant_id": "02254862e705437f8683cb072b9958d7", "user_id": "5cc2b012d0de4c5096cf13ba6e7bfd29", "metadata": {}, "hostId": "", "image": {"id": "11111111-1111-1111-1111-111111111111", "links": [{"rel": "bookmark", "href": "https://nova-public-openstack.apps.ocp.openstack.lab/images/11111111-1111-1111-1111-111111111111"}]}, "flavor": {"id": "22222222-2222-2222-2222-222222222222", "links": [{"rel": "bookmark", "href": "https://nova-public-openstack.apps.ocp.openstack.lab/flavors/22222222-2222-2222-2222-222222222222"}]}, "created": "2024-08-06T04:39:29Z", "updated": "2024-08-06T04:39:32Z", "addresses": {}, "accessIPv4": "", "accessIPv6": "", "links": [{"rel": "self", "href": "https://nova-public-openstack.apps.ocp.openstack.lab/v2.1/servers/9e4f991a-2a3d-4649-bb8f-a7c602d63c5f"}, {"rel": "bookmark", "href": "https://nova-public-openstack.apps.ocp.openstack.lab/servers/9e4f991a-2a3d-4649-bb8f-a7c602d63c5f"}], "OS-DCF:diskConfig": "MANUAL", "progress": 0, "OS-EXT-AZ:availability_zone": "", "config_drive": "", "key_name": "tempest-keypair-test-678256078", "OS-SRV-USG:launched_at": null, "OS-SRV-USG:terminated_at": null, "OS-EXT-STS:task_state": "scheduling", "OS-EXT-STS:vm_state": "building", "OS-EXT-STS:power_state": 0, "os-extended-volumes:volumes_attached": []}}'
2024-08-06 04:39:34,842 38 INFO     [tempest.lib.common.rest_client] Request (GatewayMtuTestUdp:test_south_to_north_pmtud_udp_basic): 200 GET https://nova-public-openstack.apps.ocp.openstack.lab/v2.1/servers/9e4f991a-2a3d-4649-bb8f-a7c602d63c5f 0.878s
2024-08-06 04:39:34,843 38 DEBUG    [tempest.lib.common.rest_client] Request - Headers: {'Content-Type': 'application/json', 'Accept': 'application/json', 'X-Auth-Token': '&lt;omitted&gt;'}
        Body: None
    Response - Headers: {'date': 'Tue, 06 Aug 2024 04:39:34 GMT', 'server': 'Apache', 'content-length': '1456', 'openstack-api-version': 'compute 2.1', 'x-openstack-nova-api-version': '2.1', 'vary': 'OpenStack-API-Version,X-OpenStack-Nova-API-Version', 'x-openstack-request-id': 'req-e05192cd-6e95-40b0-8526-37b256d0579a', 'x-compute-request-id': 'req-e05192cd-6e95-40b0-8526-37b256d0579a', 'content-type': 'application/json', 'set-cookie': '0dc6017b143850df8350099417b4ec9f=76a084e29d9ee7d8315464efc0157477; path=/; HttpOnly; Secure; SameSite=None', 'connection': 'close', 'status': '200', 'content-location': 'https://nova-public-openstack.apps.ocp.openstack.lab/v2.1/servers/9e4f991a-2a3d-4649-bb8f-a7c602d63c5f'}
        Body: b'{"server": {"id": "9e4f991a-2a3d-4649-bb8f-a7c602d63c5f", "name": "tempest-server-test-1681327162", "status": "BUILD", "tenant_id": "02254862e705437f8683cb072b9958d7", "user_id": "5cc2b012d0de4c5096cf13ba6e7bfd29", "metadata": {}, "hostId": "c8df1e5160f4afb1afefaf50d974f6bb68199b164920ef083c0fe4ba", "image": {"id": "11111111-1111-1111-1111-111111111111", "links": [{"rel": "bookmark", "href": "https://nova-public-openstack.apps.ocp.openstack.lab/images/11111111-1111-1111-1111-111111111111"}]}, "flavor": {"id": "22222222-2222-2222-2222-222222222222", "links": [{"rel": "bookmark", "href": "https://nova-public-openstack.apps.ocp.openstack.lab/flavors/22222222-2222-2222-2222-222222222222"}]}, "created": "2024-08-06T04:39:29Z", "updated": "2024-08-06T04:39:34Z", "addresses": {}, "accessIPv4": "", "accessIPv6": "", "links": [{"rel": "self", "href": "https://nova-public-openstack.apps.ocp.openstack.lab/v2.1/servers/9e4f991a-2a3d-4649-bb8f-a7c602d63c5f"}, {"rel": "bookmark", "href": "https://nova-public-openstack.apps.ocp.openstack.lab/servers/9e4f991a-2a3d-4649-bb8f-a7c602d63c5f"}], "OS-DCF:diskConfig": "MANUAL", "progress": 0, "OS-EXT-AZ:availability_zone": "nova", "config_drive": "", "key_name": "tempest-keypair-test-678256078", "OS-SRV-USG:launched_at": null, "OS-SRV-USG:terminated_at": null, "OS-EXT-STS:task_state": "networking", "OS-EXT-STS:vm_state": "building", "OS-EXT-STS:power_state": 0, "os-extended-volumes:volumes_attached": []}}'
2024-08-06 04:39:34,852 38 INFO     [tempest.common.waiters] State transition "BUILD/scheduling" ==&gt; "BUILD/networking" after 4 second wait
2024-08-06 04:39:36,667 38 INFO     [tempest.lib.common.rest_client] Request (GatewayMtuTestUdp:test_south_to_north_pmtud_udp_basic): 200 GET https://nova-public-openstack.apps.ocp.openstack.lab/v2.1/servers/9e4f991a-2a3d-4649-bb8f-a7c602d63c5f 0.813s
2024-08-06 04:39:36,667 38 DEBUG    [tempest.lib.common.rest_client] Request - Headers: {'Content-Type': 'application/json', 'Accept': 'application/json', 'X-Auth-Token': '&lt;omitted&gt;'}
        Body: None
    Response - Headers: {'date': 'Tue, 06 Aug 2024 04:39:35 GMT', 'server': 'Apache', 'content-length': '1524', 'openstack-api-version': 'compute 2.1', 'x-openstack-nova-api-version': '2.1', 'vary': 'OpenStack-API-Version,X-OpenStack-Nova-API-Version', 'x-openstack-request-id': 'req-9005145b-e555-4f86-b488-ecf21941bc9c', 'x-compute-request-id': 'req-9005145b-e555-4f86-b488-ecf21941bc9c', 'content-type': 'application/json', 'set-cookie': '0dc6017b143850df8350099417b4ec9f=34529be77471657e42eaa048100ce390; path=/; HttpOnly; Secure; SameSite=None', 'connection': 'close', 'status': '200', 'content-location': 'https://nova-public-openstack.apps.ocp.openstack.lab/v2.1/servers/9e4f991a-2a3d-4649-bb8f-a7c602d63c5f'}
        Body: b'{"server": {"id": "9e4f991a-2a3d-4649-bb8f-a7c602d63c5f", "name": "tempest-server-test-1681327162", "status": "BUILD", "tenant_id": "02254862e705437f8683cb072b9958d7", "user_id": "5cc2b012d0de4c5096cf13ba6e7bfd29", "metadata": {}, "hostId": "c8df1e5160f4afb1afefaf50d974f6bb68199b164920ef083c0fe4ba", "image": {"id": "11111111-1111-1111-1111-111111111111", "links": [{"rel": "bookmark", "href": "https://nova-public-openstack.apps.ocp.openstack.lab/images/11111111-1111-1111-1111-111111111111"}]}, "flavor": {"id": "22222222-2222-2222-2222-222222222222", "links": [{"rel": "bookmark", "href": "https://nova-public-openstack.apps.ocp.openstack.lab/flavors/22222222-2222-2222-2222-222222222222"}]}, "created": "2024-08-06T04:39:29Z", "updated": "2024-08-06T04:39:34Z", "addresses": {}, "accessIPv4": "", "accessIPv6": "", "links": [{"rel": "self", "href": "https://nova-public-openstack.apps.ocp.openstack.lab/v2.1/servers/9e4f991a-2a3d-4649-bb8f-a7c602d63c5f"}, {"rel": "bookmark", "href": "https://nova-public-openstack.apps.ocp.openstack.lab/servers/9e4f991a-2a3d-4649-bb8f-a7c602d63c5f"}], "OS-DCF:diskConfig": "MANUAL", "progress": 0, "OS-EXT-AZ:availability_zone": "nova", "config_drive": "", "key_name": "tempest-keypair-test-678256078", "OS-SRV-USG:launched_at": null, "OS-SRV-USG:terminated_at": null, "security_groups": [{"name": "tempest-GatewayMtuTestUdp-682715398"}], "OS-EXT-STS:task_state": "spawning", "OS-EXT-STS:vm_state": "building", "OS-EXT-STS:power_state": 0, "os-extended-volumes:volumes_attached": []}}'
2024-08-06 04:39:36,672 38 INFO     [tempest.common.waiters] State transition "BUILD/networking" ==&gt; "BUILD/spawning" after 6 second wait
2024-08-06 04:39:38,292 38 INFO     [tempest.lib.common.rest_client] Request (GatewayMtuTestUdp:test_south_to_north_pmtud_udp_basic): 200 GET https://nova-public-openstack.apps.ocp.openstack.lab/v2.1/servers/9e4f991a-2a3d-4649-bb8f-a7c602d63c5f 0.618s
2024-08-06 04:39:38,293 38 DEBUG    [tempest.lib.common.rest_client] Request - Headers: {'Content-Type': 'application/json', 'Accept': 'application/json', 'X-Auth-Token': '&lt;omitted&gt;'}
        Body: None
    Response - Headers: {'date': 'Tue, 06 Aug 2024 04:39:37 GMT', 'server': 'Apache', 'content-length': '1524', 'openstack-api-version': 'compute 2.1', 'x-openstack-nova-api-version': '2.1', 'vary': 'OpenStack-API-Version,X-OpenStack-Nova-API-Version', 'x-openstack-request-id': 'req-55e8cd16-a5e7-4802-a4f9-93a9cd2f986a', 'x-compute-request-id': 'req-55e8cd16-a5e7-4802-a4f9-93a9cd2f986a', 'content-type': 'application/json', 'set-cookie': '0dc6017b143850df8350099417b4ec9f=76a084e29d9ee7d8315464efc0157477; path=/; HttpOnly; Secure; SameSite=None', 'connection': 'close', 'status': '200', 'content-location': 'https://nova-public-openstack.apps.ocp.openstack.lab/v2.1/servers/9e4f991a-2a3d-4649-bb8f-a7c602d63c5f'}
        Body: b'{"server": {"id": "9e4f991a-2a3d-4649-bb8f-a7c602d63c5f", "name": "tempest-server-test-1681327162", "status": "BUILD", "tenant_id": "02254862e705437f8683cb072b9958d7", "user_id": "5cc2b012d0de4c5096cf13ba6e7bfd29", "metadata": {}, "hostId": "c8df1e5160f4afb1afefaf50d974f6bb68199b164920ef083c0fe4ba", "image": {"id": "11111111-1111-1111-1111-111111111111", "links": [{"rel": "bookmark", "href": "https://nova-public-openstack.apps.ocp.openstack.lab/images/11111111-1111-1111-1111-111111111111"}]}, "flavor": {"id": "22222222-2222-2222-2222-222222222222", "links": [{"rel": "bookmark", "href": "https://nova-public-openstack.apps.ocp.openstack.lab/flavors/22222222-2222-2222-2222-222222222222"}]}, "created": "2024-08-06T04:39:29Z", "updated": "2024-08-06T04:39:34Z", "addresses": {}, "accessIPv4": "", "accessIPv6": "", "links": [{"rel": "self", "href": "https://nova-public-openstack.apps.ocp.openstack.lab/v2.1/servers/9e4f991a-2a3d-4649-bb8f-a7c602d63c5f"}, {"rel": "bookmark", "href": "https://nova-public-openstack.apps.ocp.openstack.lab/servers/9e4f991a-2a3d-4649-bb8f-a7c602d63c5f"}], "OS-DCF:diskConfig": "MANUAL", "progress": 0, "OS-EXT-AZ:availability_zone": "nova", "config_drive": "", "key_name": "tempest-keypair-test-678256078", "OS-SRV-USG:launched_at": null, "OS-SRV-USG:terminated_at": null, "security_groups": [{"name": "tempest-GatewayMtuTestUdp-682715398"}], "OS-EXT-STS:task_state": "spawning", "OS-EXT-STS:vm_state": "building", "OS-EXT-STS:power_state": 0, "os-extended-volumes:volumes_attached": []}}'
2024-08-06 04:39:40,653 38 INFO     [tempest.lib.common.rest_client] Request (GatewayMtuTestUdp:test_south_to_north_pmtud_udp_basic): 200 GET https://nova-public-openstack.apps.ocp.openstack.lab/v2.1/servers/9e4f991a-2a3d-4649-bb8f-a7c602d63c5f 1.349s
2024-08-06 04:39:40,653 38 DEBUG    [tempest.lib.common.rest_client] Request - Headers: {'Content-Type': 'application/json', 'Accept': 'application/json', 'X-Auth-Token': '&lt;omitted&gt;'}
        Body: None
    Response - Headers: {'date': 'Tue, 06 Aug 2024 04:39:39 GMT', 'server': 'Apache', 'content-length': '1524', 'openstack-api-version': 'compute 2.1', 'x-openstack-nova-api-version': '2.1', 'vary': 'OpenStack-API-Version,X-OpenStack-Nova-API-Version', 'x-openstack-request-id': 'req-d6bda1f0-40ff-4d54-849c-1ef101278ef4', 'x-compute-request-id': 'req-d6bda1f0-40ff-4d54-849c-1ef101278ef4', 'content-type': 'application/json', 'set-cookie': '0dc6017b143850df8350099417b4ec9f=76a084e29d9ee7d8315464efc0157477; path=/; HttpOnly; Secure; SameSite=None', 'connection': 'close', 'status': '200', 'content-location': 'https://nova-public-openstack.apps.ocp.openstack.lab/v2.1/servers/9e4f991a-2a3d-4649-bb8f-a7c602d63c5f'}
        Body: b'{"server": {"id": "9e4f991a-2a3d-4649-bb8f-a7c602d63c5f", "name": "tempest-server-test-1681327162", "status": "BUILD", "tenant_id": "02254862e705437f8683cb072b9958d7", "user_id": "5cc2b012d0de4c5096cf13ba6e7bfd29", "metadata": {}, "hostId": "c8df1e5160f4afb1afefaf50d974f6bb68199b164920ef083c0fe4ba", "image": {"id": "11111111-1111-1111-1111-111111111111", "links": [{"rel": "bookmark", "href": "https://nova-public-openstack.apps.ocp.openstack.lab/images/11111111-1111-1111-1111-111111111111"}]}, "flavor": {"id": "22222222-2222-2222-2222-222222222222", "links": [{"rel": "bookmark", "href": "https://nova-public-openstack.apps.ocp.openstack.lab/flavors/22222222-2222-2222-2222-222222222222"}]}, "created": "2024-08-06T04:39:29Z", "updated": "2024-08-06T04:39:34Z", "addresses": {}, "accessIPv4": "", "accessIPv6": "", "links": [{"rel": "self", "href": "https://nova-public-openstack.apps.ocp.openstack.lab/v2.1/servers/9e4f991a-2a3d-4649-bb8f-a7c602d63c5f"}, {"rel": "bookmark", "href": "https://nova-public-openstack.apps.ocp.openstack.lab/servers/9e4f991a-2a3d-4649-bb8f-a7c602d63c5f"}], "OS-DCF:diskConfig": "MANUAL", "progress": 0, "OS-EXT-AZ:availability_zone": "nova", "config_drive": "", "key_name": "tempest-keypair-test-678256078", "OS-SRV-USG:launched_at": null, "OS-SRV-USG:terminated_at": null, "security_groups": [{"name": "tempest-GatewayMtuTestUdp-682715398"}], "OS-EXT-STS:task_state": "spawning", "OS-EXT-STS:vm_state": "building", "OS-EXT-STS:power_state": 0, "os-extended-volumes:volumes_attached": []}}'
2024-08-06 04:39:42,552 38 INFO     [tempest.lib.common.rest_client] Request (GatewayMtuTestUdp:test_south_to_north_pmtud_udp_basic): 200 GET https://nova-public-openstack.apps.ocp.openstack.lab/v2.1/servers/9e4f991a-2a3d-4649-bb8f-a7c602d63c5f 0.889s
2024-08-06 04:39:42,553 38 DEBUG    [tempest.lib.common.rest_client] Request - Headers: {'Content-Type': 'application/json', 'Accept': 'application/json', 'X-Auth-Token': '&lt;omitted&gt;'}
        Body: None
    Response - Headers: {'date': 'Tue, 06 Aug 2024 04:39:41 GMT', 'server': 'Apache', 'content-length': '1524', 'openstack-api-version': 'compute 2.1', 'x-openstack-nova-api-version': '2.1', 'vary': 'OpenStack-API-Version,X-OpenStack-Nova-API-Version', 'x-openstack-request-id': 'req-3b619341-ca87-46c2-9f7d-1b043023de95', 'x-compute-request-id': 'req-3b619341-ca87-46c2-9f7d-1b043023de95', 'content-type': 'application/json', 'set-cookie': '0dc6017b143850df8350099417b4ec9f=813ce21019210e07174e2a45f4254366; path=/; HttpOnly; Secure; SameSite=None', 'connection': 'close', 'status': '200', 'content-location': 'https://nova-public-openstack.apps.ocp.openstack.lab/v2.1/servers/9e4f991a-2a3d-4649-bb8f-a7c602d63c5f'}
        Body: b'{"server": {"id": "9e4f991a-2a3d-4649-bb8f-a7c602d63c5f", "name": "tempest-server-test-1681327162", "status": "BUILD", "tenant_id": "02254862e705437f8683cb072b9958d7", "user_id": "5cc2b012d0de4c5096cf13ba6e7bfd29", "metadata": {}, "hostId": "c8df1e5160f4afb1afefaf50d974f6bb68199b164920ef083c0fe4ba", "image": {"id": "11111111-1111-1111-1111-111111111111", "links": [{"rel": "bookmark", "href": "https://nova-public-openstack.apps.ocp.openstack.lab/images/11111111-1111-1111-1111-111111111111"}]}, "flavor": {"id": "22222222-2222-2222-2222-222222222222", "links": [{"rel": "bookmark", "href": "https://nova-public-openstack.apps.ocp.openstack.lab/flavors/22222222-2222-2222-2222-222222222222"}]}, "created": "2024-08-06T04:39:29Z", "updated": "2024-08-06T04:39:34Z", "addresses": {}, "accessIPv4": "", "accessIPv6": "", "links": [{"rel": "self", "href": "https://nova-public-openstack.apps.ocp.openstack.lab/v2.1/servers/9e4f991a-2a3d-4649-bb8f-a7c602d63c5f"}, {"rel": "bookmark", "href": "https://nova-public-openstack.apps.ocp.openstack.lab/servers/9e4f991a-2a3d-4649-bb8f-a7c602d63c5f"}], "OS-DCF:diskConfig": "MANUAL", "progress": 0, "OS-EXT-AZ:availability_zone": "nova", "config_drive": "", "key_name": "tempest-keypair-test-678256078", "OS-SRV-USG:launched_at": null, "OS-SRV-USG:terminated_at": null, "security_groups": [{"name": "tempest-GatewayMtuTestUdp-682715398"}], "OS-EXT-STS:task_state": "spawning", "OS-EXT-STS:vm_state": "building", "OS-EXT-STS:power_state": 0, "os-extended-volumes:volumes_attached": []}}'
2024-08-06 04:39:44,348 38 INFO     [tempest.lib.common.rest_client] Request (GatewayMtuTestUdp:test_south_to_north_pmtud_udp_basic): 200 GET https://nova-public-openstack.apps.ocp.openstack.lab/v2.1/servers/9e4f991a-2a3d-4649-bb8f-a7c602d63c5f 0.787s
2024-08-06 04:39:44,349 38 DEBUG    [tempest.lib.common.rest_client] Request - Headers: {'Content-Type': 'application/json', 'Accept': 'application/json', 'X-Auth-Token': '&lt;omitted&gt;'}
        Body: None
    Response - Headers: {'date': 'Tue, 06 Aug 2024 04:39:43 GMT', 'server': 'Apache', 'content-length': '1694', 'openstack-api-version': 'compute 2.1', 'x-openstack-nova-api-version': '2.1', 'vary': 'OpenStack-API-Version,X-OpenStack-Nova-API-Version', 'x-openstack-request-id': 'req-3bb00f63-4c90-4b6b-bbff-c61e7667482d', 'x-compute-request-id': 'req-3bb00f63-4c90-4b6b-bbff-c61e7667482d', 'content-type': 'application/json', 'set-cookie': '0dc6017b143850df8350099417b4ec9f=76a084e29d9ee7d8315464efc0157477; path=/; HttpOnly; Secure; SameSite=None', 'connection': 'close', 'status': '200', 'content-location': 'https://nova-public-openstack.apps.ocp.openstack.lab/v2.1/servers/9e4f991a-2a3d-4649-bb8f-a7c602d63c5f'}
        Body: b'{"server": {"id": "9e4f991a-2a3d-4649-bb8f-a7c602d63c5f", "name": "tempest-server-test-1681327162", "status": "ACTIVE", "tenant_id": "02254862e705437f8683cb072b9958d7", "user_id": "5cc2b012d0de4c5096cf13ba6e7bfd29", "metadata": {}, "hostId": "c8df1e5160f4afb1afefaf50d974f6bb68199b164920ef083c0fe4ba", "image": {"id": "11111111-1111-1111-1111-111111111111", "links": [{"rel": "bookmark", "href": "https://nova-public-openstack.apps.ocp.openstack.lab/images/11111111-1111-1111-1111-111111111111"}]}, "flavor": {"id": "22222222-2222-2222-2222-222222222222", "links": [{"rel": "bookmark", "href": "https://nova-public-openstack.apps.ocp.openstack.lab/flavors/22222222-2222-2222-2222-222222222222"}]}, "created": "2024-08-06T04:39:29Z", "updated": "2024-08-06T04:39:43Z", "addresses": {"tempest-test-network--219522109": [{"version": 4, "addr": "10.100.0.9", "OS-EXT-IPS:type": "fixed", "OS-EXT-IPS-MAC:mac_addr": "fa:16:3e:b4:ac:31"}]}, "accessIPv4": "", "accessIPv6": "", "links": [{"rel": "self", "href": "https://nova-public-openstack.apps.ocp.openstack.lab/v2.1/servers/9e4f991a-2a3d-4649-bb8f-a7c602d63c5f"}, {"rel": "bookmark", "href": "https://nova-public-openstack.apps.ocp.openstack.lab/servers/9e4f991a-2a3d-4649-bb8f-a7c602d63c5f"}], "OS-DCF:diskConfig": "MANUAL", "progress": 0, "OS-EXT-AZ:availability_zone": "nova", "config_drive": "True", "key_name": "tempest-keypair-test-678256078", "OS-SRV-USG:launched_at": "2024-08-06T04:39:43.000000", "OS-SRV-USG:terminated_at": null, "security_groups": [{"name": "tempest-GatewayMtuTestUdp-682715398"}], "OS-EXT-STS:task_state": null, "OS-EXT-STS:vm_state": "active", "OS-EXT-STS:power_state": 1, "os-extended-volumes:volumes_attached": []}}'
2024-08-06 04:39:44,358 38 INFO     [tempest.common.waiters] State transition "BUILD/spawning" ==&gt; "ACTIVE/None" after 14 second wait
2024-08-06 04:39:44,592 38 INFO     [tempest.lib.common.rest_client] Request (GatewayMtuTestUdp:test_south_to_north_pmtud_udp_basic): 200 GET https://neutron-public-openstack.apps.ocp.openstack.lab/v2.0/ports?network_id=51241652-3dd2-4e76-812c-8e351f7e5edc&amp;device_id=9e4f991a-2a3d-4649-bb8f-a7c602d63c5f 0.233s
2024-08-06 04:39:44,592 38 DEBUG    [tempest.lib.common.rest_client] Request - Headers: {'Content-Type': 'application/json', 'Accept': 'application/json', 'X-Auth-Token': '&lt;omitted&gt;'}
        Body: None
    Response - Headers: {'date': 'Tue, 06 Aug 2024 04:39:44 GMT', 'server': 'Apache', 'content-type': 'application/json', 'content-length': '1036', 'x-openstack-request-id': 'req-9f1c2177-12cd-449d-a07e-5a08137bab5a', 'set-cookie': '38cec1d9c789c59243203143f8ef839e=6d87918431dd557a8a7bdfa6693f827e; path=/; HttpOnly; Secure; SameSite=None', 'connection': 'close', 'status': '200', 'content-location': 'https://neutron-public-openstack.apps.ocp.openstack.lab/v2.0/ports?network_id=51241652-3dd2-4e76-812c-8e351f7e5edc&amp;device_id=9e4f991a-2a3d-4649-bb8f-a7c602d63c5f'}
        Body: b'{"ports":[{"id":"137634c8-47fd-4dd0-8287-e87cbc2bcf88","name":"","network_id":"51241652-3dd2-4e76-812c-8e351f7e5edc","tenant_id":"02254862e705437f8683cb072b9958d7","mac_address":"fa:16:3e:b4:ac:31","admin_state_up":true,"status":"ACTIVE","device_id":"9e4f991a-2a3d-4649-bb8f-a7c602d63c5f","device_owner":"compute:nova","fixed_ips":[{"subnet_id":"5acb748e-5dc9-4470-a4ee-ebd683bf49b3","ip_address":"10.100.0.9"}],"allowed_address_pairs":[],"extra_dhcp_opts":[],"security_groups":["4be83ef2-a406-4e25-bbb0-bbc297abe430"],"description":"","binding:vnic_type":"normal","qos_policy_id":null,"qos_network_policy_id":null,"port_security_enabled":true,"dns_name":"tempest-server-test-1681327162","dns_assignment":[{"ip_address":"10.100.0.9","hostname":"tempest-server-test-1681327162","fqdn":"tempest-server-test-1681327162.openstackgate.local."}],"dns_domain":"","ip_allocation":"immediate","tags":[],"created_at":"2024-08-06T04:39:35Z","updated_at":"2024-08-06T04:39:41Z","revision_number":4,"project_id":"02254862e705437f8683cb072b9958d7"}]}'
2024-08-06 04:39:46,783 38 INFO     [tempest.lib.common.rest_client] Request (GatewayMtuTestUdp:test_south_to_north_pmtud_udp_basic): 201 POST https://neutron-public-openstack.apps.ocp.openstack.lab/v2.0/floatingips 2.190s
2024-08-06 04:39:46,784 38 DEBUG    [tempest.lib.common.rest_client] Request - Headers: {'Content-Type': 'application/json', 'Accept': 'application/json', 'X-Auth-Token': '&lt;omitted&gt;'}
        Body: {"floatingip": {"floating_network_id": "db2af16d-2e2b-48eb-a015-f223bcfe4290", "port_id": "137634c8-47fd-4dd0-8287-e87cbc2bcf88"}}
    Response - Headers: {'date': 'Tue, 06 Aug 2024 04:39:46 GMT', 'server': 'Apache', 'content-type': 'application/json', 'content-length': '857', 'x-openstack-request-id': 'req-b0d44d49-7771-4a0c-82d4-881d2ca946d7', 'set-cookie': '38cec1d9c789c59243203143f8ef839e=6d87918431dd557a8a7bdfa6693f827e; path=/; HttpOnly; Secure; SameSite=None', 'connection': 'close', 'status': '201', 'content-location': 'https://neutron-public-openstack.apps.ocp.openstack.lab/v2.0/floatingips'}
        Body: b'{"floatingip": {"id": "438c3bfb-3747-4a27-84ed-aee69ab69d11", "tenant_id": "02254862e705437f8683cb072b9958d7", "floating_ip_address": "192.168.122.220", "floating_network_id": "db2af16d-2e2b-48eb-a015-f223bcfe4290", "router_id": "650bb684-a537-45f9-b5b3-38ee17a65d4b", "port_id": "137634c8-47fd-4dd0-8287-e87cbc2bcf88", "fixed_ip_address": "10.100.0.9", "status": "DOWN", "project_id": "02254862e705437f8683cb072b9958d7", "description": "", "qos_policy_id": null, "port_details": {"name": "", "network_id": "51241652-3dd2-4e76-812c-8e351f7e5edc", "mac_address": "fa:16:3e:b4:ac:31", "admin_state_up": true, "status": "ACTIVE", "device_id": "9e4f991a-2a3d-4649-bb8f-a7c602d63c5f", "device_owner": "compute:nova"}, "dns_domain": "", "dns_name": "", "tags": [], "created_at": "2024-08-06T04:39:45Z", "updated_at": "2024-08-06T04:39:45Z", "revision_number": 0}}'
2024-08-06 04:39:49,291 38 INFO     [tempest.lib.common.rest_client] Request (GatewayMtuTestUdp:test_south_to_north_pmtud_udp_basic): 202 POST https://nova-public-openstack.apps.ocp.openstack.lab/v2.1/servers 2.504s
2024-08-06 04:39:49,293 38 DEBUG    [tempest.lib.common.rest_client] Request - Headers: {'Content-Type': 'application/json', 'Accept': 'application/json', 'X-Auth-Token': '&lt;omitted&gt;'}
        Body: {"server": {"name": "tempest-server-test-1480784238", "flavorRef": "22222222-2222-2222-2222-222222222222", "imageRef": "11111111-1111-1111-1111-111111111111", "networks": [{"uuid": "51241652-3dd2-4e76-812c-8e351f7e5edc"}], "key_name": "tempest-keypair-test-678256078", "security_groups": [{"name": "tempest-GatewayMtuTestUdp-682715398"}]}}
    Response - Headers: {'date': 'Tue, 06 Aug 2024 04:39:46 GMT', 'server': 'Apache', 'content-length': '460', 'location': 'https://nova-public-openstack.apps.ocp.openstack.lab/v2.1/servers/5c0312f6-d596-47de-b883-f4a9b7bcca9b', 'openstack-api-version': 'compute 2.1', 'x-openstack-nova-api-version': '2.1', 'vary': 'OpenStack-API-Version,X-OpenStack-Nova-API-Version', 'x-openstack-request-id': 'req-1171b972-0354-4dc6-b6ac-cde6c0f0f944', 'x-compute-request-id': 'req-1171b972-0354-4dc6-b6ac-cde6c0f0f944', 'content-type': 'application/json', 'set-cookie': '0dc6017b143850df8350099417b4ec9f=76a084e29d9ee7d8315464efc0157477; path=/; HttpOnly; Secure; SameSite=None', 'connection': 'close', 'status': '202', 'content-location': 'https://nova-public-openstack.apps.ocp.openstack.lab/v2.1/servers'}
        Body: b'{"server": {"id": "5c0312f6-d596-47de-b883-f4a9b7bcca9b", "links": [{"rel": "self", "href": "https://nova-public-openstack.apps.ocp.openstack.lab/v2.1/servers/5c0312f6-d596-47de-b883-f4a9b7bcca9b"}, {"rel": "bookmark", "href": "https://nova-public-openstack.apps.ocp.openstack.lab/servers/5c0312f6-d596-47de-b883-f4a9b7bcca9b"}], "OS-DCF:diskConfig": "MANUAL", "security_groups": [{"name": "tempest-GatewayMtuTestUdp-682715398"}], "adminPass": "MmwdqMgur2B9"}}'
2024-08-06 04:39:49,908 38 INFO     [tempest.lib.common.rest_client] Request (GatewayMtuTestUdp:test_south_to_north_pmtud_udp_basic): 200 GET https://nova-public-openstack.apps.ocp.openstack.lab/v2.1/servers/5c0312f6-d596-47de-b883-f4a9b7bcca9b 0.611s
2024-08-06 04:39:49,908 38 DEBUG    [tempest.lib.common.rest_client] Request - Headers: {'Content-Type': 'application/json', 'Accept': 'application/json', 'X-Auth-Token': '&lt;omitted&gt;'}
        Body: None
    Response - Headers: {'date': 'Tue, 06 Aug 2024 04:39:49 GMT', 'server': 'Apache', 'content-length': '1396', 'openstack-api-version': 'compute 2.1', 'x-openstack-nova-api-version': '2.1', 'vary': 'OpenStack-API-Version,X-OpenStack-Nova-API-Version', 'x-openstack-request-id': 'req-0090eb5b-60ce-4f72-b494-7032ab45e4ec', 'x-compute-request-id': 'req-0090eb5b-60ce-4f72-b494-7032ab45e4ec', 'content-type': 'application/json', 'set-cookie': '0dc6017b143850df8350099417b4ec9f=34529be77471657e42eaa048100ce390; path=/; HttpOnly; Secure; SameSite=None', 'connection': 'close', 'status': '200', 'content-location': 'https://nova-public-openstack.apps.ocp.openstack.lab/v2.1/servers/5c0312f6-d596-47de-b883-f4a9b7bcca9b'}
[...]
2024-08-06 04:42:05,768 38 INFO     [tempest.lib.common.rest_client] Request (GatewayMtuTestUdp:_run_cleanups): 200 GET https://nova-public-openstack.apps.ocp.openstack.lab/v2.1/servers/9e4f991a-2a3d-4649-bb8f-a7c602d63c5f 0.444s
2024-08-06 04:42:05,768 38 DEBUG    [tempest.lib.common.rest_client] Request - Headers: {'Content-Type': 'application/json', 'Accept': 'application/json', 'X-Auth-Token': '&lt;omitted&gt;'}
        Body: None
    Response - Headers: {'date': 'Tue, 06 Aug 2024 04:42:05 GMT', 'server': 'Apache', 'content-length': '1486', 'openstack-api-version': 'compute 2.1', 'x-openstack-nova-api-version': '2.1', 'vary': 'OpenStack-API-Version,X-OpenStack-Nova-API-Version', 'x-openstack-request-id': 'req-c4fedd0f-e88a-4d56-abfc-2c1fa6599cef', 'x-compute-request-id': 'req-c4fedd0f-e88a-4d56-abfc-2c1fa6599cef', 'content-type': 'application/json', 'set-cookie': '0dc6017b143850df8350099417b4ec9f=813ce21019210e07174e2a45f4254366; path=/; HttpOnly; Secure; SameSite=None', 'connection': 'close', 'status': '200', 'content-location': 'https://nova-public-openstack.apps.ocp.openstack.lab/v2.1/servers/9e4f991a-2a3d-4649-bb8f-a7c602d63c5f'}
        Body: b'{"server": {"id": "9e4f991a-2a3d-4649-bb8f-a7c602d63c5f", "name": "tempest-server-test-1681327162", "status": "DELETED", "tenant_id": "02254862e705437f8683cb072b9958d7", "user_id": "5cc2b012d0de4c5096cf13ba6e7bfd29", "metadata": {}, "hostId": "c8df1e5160f4afb1afefaf50d974f6bb68199b164920ef083c0fe4ba", "image": {"id": "11111111-1111-1111-1111-111111111111", "links": [{"rel": "bookmark", "href": "https://nova-public-openstack.apps.ocp.openstack.lab/images/11111111-1111-1111-1111-111111111111"}]}, "flavor": {"id": "22222222-2222-2222-2222-222222222222", "links": [{"rel": "bookmark", "href": "https://nova-public-openstack.apps.ocp.openstack.lab/flavors/22222222-2222-2222-2222-222222222222"}]}, "created": "2024-08-06T04:39:29Z", "updated": "2024-08-06T04:42:05Z", "addresses": {}, "accessIPv4": "", "accessIPv6": "", "links": [{"rel": "self", "href": "https://nova-public-openstack.apps.ocp.openstack.lab/v2.1/servers/9e4f991a-2a3d-4649-bb8f-a7c602d63c5f"}, {"rel": "bookmark", "href": "https://nova-public-openstack.apps.ocp.openstack.lab/servers/9e4f991a-2a3d-4649-bb8f-a7c602d63c5f"}], "OS-DCF:diskConfig": "MANUAL", "OS-EXT-AZ:availability_zone": "nova", "config_drive": "True", "key_name": "tempest-keypair-test-678256078", "OS-SRV-USG:launched_at": "2024-08-06T04:39:43.000000", "OS-SRV-USG:terminated_at": "2024-08-06T04:42:04.000000", "OS-EXT-STS:task_state": null, "OS-EXT-STS:vm_state": "deleted", "OS-EXT-STS:power_state": 0, "os-extended-volumes:volumes_attached": []}}'
2024-08-06 04:42:05,774 38 INFO     [tempest.common.waiters] State transition "ACTIVE/deleting" ==&gt; "DELETED/None" after 1 second wait
2024-08-06 04:42:06,965 38 INFO     [tempest.lib.common.rest_client] Request (GatewayMtuTestUdp:_run_cleanups): 404 GET https://nova-public-openstack.apps.ocp.openstack.lab/v2.1/servers/9e4f991a-2a3d-4649-bb8f-a7c602d63c5f 0.189s
2024-08-06 04:42:06,965 38 DEBUG    [tempest.lib.common.rest_client] Request - Headers: {'Content-Type': 'application/json', 'Accept': 'application/json', 'X-Auth-Token': '&lt;omitted&gt;'}
        Body: None
    Response - Headers: {'date': 'Tue, 06 Aug 2024 04:42:06 GMT', 'server': 'Apache', 'content-length': '111', 'openstack-api-version': 'compute 2.1', 'x-openstack-nova-api-version': '2.1', 'vary': 'OpenStack-API-Version,X-OpenStack-Nova-API-Version', 'x-openstack-request-id': 'req-873e2e85-ec00-4c69-838d-6da865c72638', 'x-compute-request-id': 'req-873e2e85-ec00-4c69-838d-6da865c72638', 'content-type': 'application/json; charset=UTF-8', 'set-cookie': '0dc6017b143850df8350099417b4ec9f=813ce21019210e07174e2a45f4254366; path=/; HttpOnly; Secure; SameSite=None', 'connection': 'close', 'status': '404', 'content-location': 'https://nova-public-openstack.apps.ocp.openstack.lab/v2.1/servers/9e4f991a-2a3d-4649-bb8f-a7c602d63c5f'}
        Body: b'{"itemNotFound": {"code": 404, "message": "Instance 9e4f991a-2a3d-4649-bb8f-a7c602d63c5f could not be found."}}'
2024-08-06 04:42:07,217 38 INFO     [tempest.lib.common.rest_client] Request (GatewayMtuTestUdp:_run_cleanups): 204 DELETE https://nova-public-openstack.apps.ocp.openstack.lab/v2.1/servers/42c4bcdd-1098-495a-b986-6353531570af 0.250s
2024-08-06 04:42:07,217 38 DEBUG    [tempest.lib.common.rest_client] Request - Headers: {'Content-Type': 'application/json', 'Accept': 'application/json', 'X-Auth-Token': '&lt;omitted&gt;'}
        Body: None
    Response - Headers: {'date': 'Tue, 06 Aug 2024 04:42:06 GMT', 'server': 'Apache', 'openstack-api-version': 'compute 2.1', 'x-openstack-nova-api-version': '2.1', 'vary': 'OpenStack-API-Version,X-OpenStack-Nova-API-Version', 'x-openstack-request-id': 'req-f1e6e613-3e69-4e99-8632-3625ed1565e6', 'x-compute-request-id': 'req-f1e6e613-3e69-4e99-8632-3625ed1565e6', 'set-cookie': '0dc6017b143850df8350099417b4ec9f=34529be77471657e42eaa048100ce390; path=/; HttpOnly; Secure; SameSite=None', 'connection': 'close', 'status': '204', 'content-location': 'https://nova-public-openstack.apps.ocp.openstack.lab/v2.1/servers/42c4bcdd-1098-495a-b986-6353531570af'}
        Body: b''
2024-08-06 04:42:08,180 38 INFO     [tempest.lib.common.rest_client] Request (GatewayMtuTestUdp:_run_cleanups): 200 GET https://nova-public-openstack.apps.ocp.openstack.lab/v2.1/servers/42c4bcdd-1098-495a-b986-6353531570af 0.962s
2024-08-06 04:42:08,181 38 DEBUG    [tempest.lib.common.rest_client] Request - Headers: {'Content-Type': 'application/json', 'Accept': 'application/json', 'X-Auth-Token': '&lt;omitted&gt;'}
        Body: None
    Response - Headers: {'date': 'Tue, 06 Aug 2024 04:42:07 GMT', 'server': 'Apache', 'content-length': '1679', 'openstack-api-version': 'compute 2.1', 'x-openstack-nova-api-version': '2.1', 'vary': 'OpenStack-API-Version,X-OpenStack-Nova-API-Version', 'x-openstack-request-id': 'req-7951b4b9-e4fe-45cc-82ac-af48ff7fb511', 'x-compute-request-id': 'req-7951b4b9-e4fe-45cc-82ac-af48ff7fb511', 'content-type': 'application/json', 'set-cookie': '0dc6017b143850df8350099417b4ec9f=34529be77471657e42eaa048100ce390; path=/; HttpOnly; Secure; SameSite=None', 'connection': 'close', 'status': '200', 'content-location': 'https://nova-public-openstack.apps.ocp.openstack.lab/v2.1/servers/42c4bcdd-1098-495a-b986-6353531570af'}
        Body: b'{"server": {"id": "42c4bcdd-1098-495a-b986-6353531570af", "name": "tempest-server-test-131914582", "status": "ACTIVE", "tenant_id": "02254862e705437f8683cb072b9958d7", "user_id": "5cc2b012d0de4c5096cf13ba6e7bfd29", "metadata": {}, "hostId": "8a8a633c688d674edfe2a3f3834a948082c88e2a83f1acb95fe4a2f2", "image": {"id": "11111111-1111-1111-1111-111111111111", "links": [{"rel": "bookmark", "href": "https://nova-public-openstack.apps.ocp.openstack.lab/images/11111111-1111-1111-1111-111111111111"}]}, "flavor": {"id": "22222222-2222-2222-2222-222222222222", "links": [{"rel": "bookmark", "href": "https://nova-public-openstack.apps.ocp.openstack.lab/flavors/22222222-2222-2222-2222-222222222222"}]}, "created": "2024-08-06T04:39:12Z", "updated": "2024-08-06T04:42:07Z", "addresses": {"public": [{"version": 4, "addr": "192.168.122.245", "OS-EXT-IPS:type": "fixed", "OS-EXT-IPS-MAC:mac_addr": "fa:16:3e:c3:49:5e"}]}, "accessIPv4": "", "accessIPv6": "", "links": [{"rel": "self", "href": "https://nova-public-openstack.apps.ocp.openstack.lab/v2.1/servers/42c4bcdd-1098-495a-b986-6353531570af"}, {"rel": "bookmark", "href": "https://nova-public-openstack.apps.ocp.openstack.lab/servers/42c4bcdd-1098-495a-b986-6353531570af"}], "OS-DCF:diskConfig": "MANUAL", "progress": 0, "OS-EXT-AZ:availability_zone": "nova", "config_drive": "True", "key_name": "tempest-keypair-test-678256078", "OS-SRV-USG:launched_at": "2024-08-06T04:39:22.000000", "OS-SRV-USG:terminated_at": null, "security_groups": [{"name": "tempest-GatewayMtuTestUdp-682715398"}], "OS-EXT-STS:task_state": "deleting", "OS-EXT-STS:vm_state": "active", "OS-EXT-STS:power_state": 1, "os-extended-volumes:volumes_attached": []}}'
2024-08-06 04:42:09,930 38 INFO     [tempest.lib.common.rest_client] Request (GatewayMtuTestUdp:_run_cleanups): 200 GET https://nova-public-openstack.apps.ocp.openstack.lab/v2.1/servers/42c4bcdd-1098-495a-b986-6353531570af 0.742s
2024-08-06 04:42:09,931 38 DEBUG    [tempest.lib.common.rest_client] Request - Headers: {'Content-Type': 'application/json', 'Accept': 'application/json', 'X-Auth-Token': '&lt;omitted&gt;'}
        Body: None
    Response - Headers: {'date': 'Tue, 06 Aug 2024 04:42:09 GMT', 'server': 'Apache', 'content-length': '1485', 'openstack-api-version': 'compute 2.1', 'x-openstack-nova-api-version': '2.1', 'vary': 'OpenStack-API-Version,X-OpenStack-Nova-API-Version', 'x-openstack-request-id': 'req-517c1df5-ccfa-4d8d-a914-d6328b67f2cc', 'x-compute-request-id': 'req-517c1df5-ccfa-4d8d-a914-d6328b67f2cc', 'content-type': 'application/json', 'set-cookie': '0dc6017b143850df8350099417b4ec9f=813ce21019210e07174e2a45f4254366; path=/; HttpOnly; Secure; SameSite=None', 'connection': 'close', 'status': '200', 'content-location': 'https://nova-public-openstack.apps.ocp.openstack.lab/v2.1/servers/42c4bcdd-1098-495a-b986-6353531570af'}
        Body: b'{"server": {"id": "42c4bcdd-1098-495a-b986-6353531570af", "name": "tempest-server-test-131914582", "status": "DELETED", "tenant_id": "02254862e705437f8683cb072b9958d7", "user_id": "5cc2b012d0de4c5096cf13ba6e7bfd29", "metadata": {}, "hostId": "8a8a633c688d674edfe2a3f3834a948082c88e2a83f1acb95fe4a2f2", "image": {"id": "11111111-1111-1111-1111-111111111111", "links": [{"rel": "bookmark", "href": "https://nova-public-openstack.apps.ocp.openstack.lab/images/11111111-1111-1111-1111-111111111111"}]}, "flavor": {"id": "22222222-2222-2222-2222-222222222222", "links": [{"rel": "bookmark", "href": "https://nova-public-openstack.apps.ocp.openstack.lab/flavors/22222222-2222-2222-2222-222222222222"}]}, "created": "2024-08-06T04:39:12Z", "updated": "2024-08-06T04:42:09Z", "addresses": {}, "accessIPv4": "", "accessIPv6": "", "links": [{"rel": "self", "href": "https://nova-public-openstack.apps.ocp.openstack.lab/v2.1/servers/42c4bcdd-1098-495a-b986-6353531570af"}, {"rel": "bookmark", "href": "https://nova-public-openstack.apps.ocp.openstack.lab/servers/42c4bcdd-1098-495a-b986-6353531570af"}], "OS-DCF:diskConfig": "MANUAL", "OS-EXT-AZ:availability_zone": "nova", "config_drive": "True", "key_name": "tempest-keypair-test-678256078", "OS-SRV-USG:launched_at": "2024-08-06T04:39:22.000000", "OS-SRV-USG:terminated_at": "2024-08-06T04:42:08.000000", "OS-EXT-STS:task_state": null, "OS-EXT-STS:vm_state": "deleted", "OS-EXT-STS:power_state": 0, "os-extended-volumes:volumes_attached": []}}'
2024-08-06 04:42:09,939 38 INFO     [tempest.common.waiters] State transition "ACTIVE/deleting" ==&gt; "DELETED/None" after 1 second wait
2024-08-06 04:42:11,145 38 INFO     [tempest.lib.common.rest_client] Request (GatewayMtuTestUdp:_run_cleanups): 404 GET https://nova-public-openstack.apps.ocp.openstack.lab/v2.1/servers/42c4bcdd-1098-495a-b986-6353531570af 0.204s
2024-08-06 04:42:11,145 38 DEBUG    [tempest.lib.common.rest_client] Request - Headers: {'Content-Type': 'application/json', 'Accept': 'application/json', 'X-Auth-Token': '&lt;omitted&gt;'}
        Body: None
    Response - Headers: {'date': 'Tue, 06 Aug 2024 04:42:10 GMT', 'server': 'Apache', 'content-length': '111', 'openstack-api-version': 'compute 2.1', 'x-openstack-nova-api-version': '2.1', 'vary': 'OpenStack-API-Version,X-OpenStack-Nova-API-Version', 'x-openstack-request-id': 'req-3b38ff68-c76d-4534-a651-ed68e6c64a1e', 'x-compute-request-id': 'req-3b38ff68-c76d-4534-a651-ed68e6c64a1e', 'content-type': 'application/json; charset=UTF-8', 'set-cookie': '0dc6017b143850df8350099417b4ec9f=76a084e29d9ee7d8315464efc0157477; path=/; HttpOnly; Secure; SameSite=None', 'connection': 'close', 'status': '404', 'content-location': 'https://nova-public-openstack.apps.ocp.openstack.lab/v2.1/servers/42c4bcdd-1098-495a-b986-6353531570af'}
        Body: b'{"itemNotFound": {"code": 404, "message": "Instance 42c4bcdd-1098-495a-b986-6353531570af could not be found."}}'
2024-08-06 04:42:13,000 38 INFO     [tempest.lib.common.rest_client] Request (GatewayMtuTestUdp:_run_cleanups): 200 PUT https://neutron-public-openstack.apps.ocp.openstack.lab/v2.0/networks/db2af16d-2e2b-48eb-a015-f223bcfe4290 1.853s
2024-08-06 04:42:13,000 38 DEBUG    [tempest.lib.common.rest_client] Request - Headers: {'X-Auth-Token': '&lt;omitted&gt;'}
        Body: {"network": {"mtu": 1500}}
    Response - Headers: {'date': 'Tue, 06 Aug 2024 04:42:12 GMT', 'server': 'Apache', 'content-type': 'application/json', 'content-length': '768', 'x-openstack-request-id': 'req-ca7932f3-af28-49cd-a75e-57a6b844d5df', 'set-cookie': '38cec1d9c789c59243203143f8ef839e=91beeb14a5e45a074fd6afbd3b2b6ef2; path=/; HttpOnly; Secure; SameSite=None', 'connection': 'close', 'status': '200', 'content-location': 'https://neutron-public-openstack.apps.ocp.openstack.lab/v2.0/networks/db2af16d-2e2b-48eb-a015-f223bcfe4290'}
        Body: b'{"network":{"id":"db2af16d-2e2b-48eb-a015-f223bcfe4290","name":"public","tenant_id":"70e6752edf9440f59f7a34ab76677887","admin_state_up":true,"mtu":1500,"status":"ACTIVE","subnets":["6eff1038-61be-4779-a622-2c518d5db465"],"shared":true,"availability_zone_hints":[],"availability_zones":[],"ipv4_address_scope":null,"ipv6_address_scope":null,"router:external":true,"vlan_transparent":false,"description":"gman","qos_policy_id":null,"port_security_enabled":true,"dns_domain":"","l2_adjacency":true,"is_default":true,"tags":[],"created_at":"2024-08-05T23:44:35Z","updated_at":"2024-08-06T04:42:11Z","revision_number":8,"project_id":"70e6752edf9440f59f7a34ab76677887","provider:network_type":"flat","provider:physical_network":"datacentre","provider:segmentation_id":null}}'
2024-08-06 04:42:13,475 38 INFO     [tempest.lib.common.rest_client] Request (GatewayMtuTestUdp:_run_cleanups): 200 PUT https://neutron-public-openstack.apps.ocp.openstack.lab/v2.0/networks/db2af16d-2e2b-48eb-a015-f223bcfe4290 0.474s
2024-08-06 04:42:13,476 38 DEBUG    [tempest.lib.common.rest_client] Request - Headers: {'X-Auth-Token': '&lt;omitted&gt;'}
        Body: {"network": {"shared": false}}
    Response - Headers: {'date': 'Tue, 06 Aug 2024 04:42:13 GMT', 'server': 'Apache', 'content-type': 'application/json', 'content-length': '769', 'x-openstack-request-id': 'req-27e18ef1-082d-47f7-88ad-4fef9ba0041c', 'set-cookie': '38cec1d9c789c59243203143f8ef839e=91beeb14a5e45a074fd6afbd3b2b6ef2; path=/; HttpOnly; Secure; SameSite=None', 'connection': 'close', 'status': '200', 'content-location': 'https://neutron-public-openstack.apps.ocp.openstack.lab/v2.0/networks/db2af16d-2e2b-48eb-a015-f223bcfe4290'}
        Body: b'{"network":{"id":"db2af16d-2e2b-48eb-a015-f223bcfe4290","name":"public","tenant_id":"70e6752edf9440f59f7a34ab76677887","admin_state_up":true,"mtu":1500,"status":"ACTIVE","subnets":["6eff1038-61be-4779-a622-2c518d5db465"],"shared":false,"availability_zone_hints":[],"availability_zones":[],"ipv4_address_scope":null,"ipv6_address_scope":null,"router:external":true,"vlan_transparent":false,"description":"gman","qos_policy_id":null,"port_security_enabled":true,"dns_domain":"","l2_adjacency":true,"is_default":true,"tags":[],"created_at":"2024-08-05T23:44:35Z","updated_at":"2024-08-06T04:42:13Z","revision_number":9,"project_id":"70e6752edf9440f59f7a34ab76677887","provider:network_type":"flat","provider:physical_network":"datacentre","provider:segmentation_id":null}}'
}}}

Traceback (most recent call last):
  File "/usr/lib/python3.9/site-packages/whitebox_neutron_tempest_plugin/tests/scenario/test_mtu.py", line 253, in test_south_to_north_pmtud_udp_basic
    self.check_pmtud_basic()
  File "/usr/lib/python3.9/site-packages/whitebox_neutron_tempest_plugin/tests/scenario/test_mtu.py", line 208, in check_pmtud_basic
    self.validate_next_hop_mtu(
  File "/usr/lib/python3.9/site-packages/whitebox_neutron_tempest_plugin/tests/scenario/test_mtu.py", line 196, in validate_next_hop_mtu
    self._verify_capture_for_icmp_unreacheable(
  File "/usr/lib/python3.9/site-packages/whitebox_neutron_tempest_plugin/tests/scenario/test_mtu.py", line 114, in _verify_capture_for_icmp_unreacheable
    self.assertEqual(
  File "/usr/lib/python3.9/site-packages/testtools/testcase.py", line 393, in assertEqual
    self.assertThat(observed, matcher, message)
  File "/usr/lib/python3.9/site-packages/testtools/testcase.py", line 480, in assertThat
    raise mismatch_error
testtools.matchers._impl.MismatchError: 0 != 1442: Delivered data has size 0 bytes while expected 1442.

</failure>
</testcase>
<testcase classname="whitebox_neutron_tempest_plugin.tests.scenario.test_multicast.MulticastTestIPv4Common" name="test_igmp_snooping_after_openvswitch_restart[id-42bfc8e1-0efb-4573-bb4a-290060a40980]" time="250.402"/>
<testcase classname="whitebox_neutron_tempest_plugin.tests.scenario.test_multicast.MulticastTestIPv4Common" name="test_igmp_snooping_ext_network_and_unsubscribe[id-fcd50103-eeba-475f-803b-dfc9e8c342a5]" time="270.981"/>
<testcase classname="" name="setUpClass (whitebox_neutron_tempest_plugin.tests.scenario.test_multicast.MulticastTestIPv4SriovCommon)" time="0.000">
<skipped>Environment does not support SR-IOV</skipped>
</testcase>
<testcase classname="" name="setUpClass (whitebox_neutron_tempest_plugin.tests.scenario.test_multicast.MulticastTestIPv4SriovOvn)" time="0.000">
<skipped>Environment does not support SR-IOV</skipped>
</testcase>
<testcase classname="whitebox_neutron_tempest_plugin.tests.scenario.test_ports.NetworkPortTestManyVmsOvn" name="test_port_status_when_many_vms_ovn[id-6a6d4ae6-2d61-4b0e-b8fb-5aef5292dccc]" time="0.001">
<skipped>With console_output set to enabled, VMs are spawned too slowly.</skipped>
</testcase>
<testcase classname="whitebox_neutron_tempest_plugin.tests.scenario.test_qos.QosTestCommon" name="test_bw_limit_south_north[id-653e92b4-1f19-4f85-93f7-c14d0e900f44]" time="406.510"/>
<testcase classname="whitebox_neutron_tempest_plugin.tests.scenario.test_qos.QosTestCommon" name="test_dscp_marking_external_network[id-8cf45ea9-bdbf-478e-8810-792083e1c467]" time="262.919"/>
<testcase classname="whitebox_neutron_tempest_plugin.tests.scenario.test_qos.QosTestCommon" name="test_dscp_marking_south_north[id-886d6c11-7c19-4c01-a5ac-74779bb2f364]" time="326.155"/>
<testcase classname="whitebox_neutron_tempest_plugin.tests.scenario.test_qos.QosTestExternalNetwork" name="test_dscp_bwlimit_external_network[id-c018b96b-47eb-4b5f-b750-e0c857fd86a9]" time="269.190"/>
<testcase classname="" name="setUpClass (whitebox_neutron_tempest_plugin.tests.scenario.test_router_flavors.RouterFlavorsTestOvn)" time="0.000">
<skipped>OVN router flavors feature not enabled, skipping tests</skipped>
</testcase>
<testcase classname="" name="setUpClass (whitebox_neutron_tempest_plugin.tests.scenario.test_security_group_logging.StatefulSecGroupLoggingTest)" time="0.000">
<skipped>Security group logging not supported, skipping tests.</skipped>
</testcase>
<testcase classname="" name="setUpClass (whitebox_neutron_tempest_plugin.tests.scenario.test_security_group_logging.StatelessSecGroupLoggingTest)" time="0.000">
<skipped>Security group logging not supported, skipping tests.</skipped>
</testcase>
<testcase classname="" name="setUpClass (whitebox_neutron_tempest_plugin.tests.scenario.test_vlan_transparency.ProviderNetworkVlanTransparencyTest)" time="0.000">
<skipped>This test are only executed when VLAN Transparency is enabled on the external network.</skipped>
</testcase>
</testsuite>